{"C:\\Users\\trendaryo\\Desktop\\hunting app\\backend\\config\\index.js": {"path":"C:\\Users\\trendaryo\\Desktop\\hunting app\\backend\\config\\index.js","statementMap":{"0":{"start":{"line":3,"column":15},"end":{"line":33,"column":null}},"1":{"start":{"line":29,"column":87},"end":{"line":29,"column":95}}},"fnMap":{"0":{"name":"(anonymous_0)","decl":{"start":{"line":29,"column":78},"end":{"line":29,"column":82}},"loc":{"start":{"line":29,"column":87},"end":{"line":29,"column":95}},"line":29}},"branchMap":{"0":{"loc":{"start":{"line":4,"column":17},"end":{"line":4,"column":45}},"type":"binary-expr","locations":[{"start":{"line":4,"column":17},"end":{"line":4,"column":37}},{"start":{"line":4,"column":37},"end":{"line":4,"column":45}}],"line":4},"1":{"loc":{"start":{"line":5,"column":2},"end":{"line":5,"column":null}},"type":"binary-expr","locations":[{"start":{"line":5,"column":2},"end":{"line":5,"column":35}},{"start":{"line":5,"column":35},"end":{"line":5,"column":null}}],"line":5},"2":{"loc":{"start":{"line":6,"column":2},"end":{"line":6,"column":53}},"type":"binary-expr","locations":[{"start":{"line":6,"column":2},"end":{"line":6,"column":34}},{"start":{"line":6,"column":34},"end":{"line":6,"column":53}}],"line":6},"3":{"loc":{"start":{"line":9,"column":9},"end":{"line":9,"column":null}},"type":"binary-expr","locations":[{"start":{"line":9,"column":9},"end":{"line":9,"column":37}},{"start":{"line":9,"column":37},"end":{"line":9,"column":null}}],"line":9},"4":{"loc":{"start":{"line":13,"column":13},"end":{"line":13,"column":null}},"type":"binary-expr","locations":[{"start":{"line":13,"column":13},"end":{"line":13,"column":39}},{"start":{"line":13,"column":39},"end":{"line":13,"column":null}}],"line":13},"5":{"loc":{"start":{"line":17,"column":15},"end":{"line":17,"column":null}},"type":"binary-expr","locations":[{"start":{"line":17,"column":15},"end":{"line":17,"column":50}},{"start":{"line":17,"column":50},"end":{"line":17,"column":null}}],"line":17},"6":{"loc":{"start":{"line":18,"column":17},"end":{"line":18,"column":55}},"type":"binary-expr","locations":[{"start":{"line":18,"column":17},"end":{"line":18,"column":53}},{"start":{"line":18,"column":53},"end":{"line":18,"column":55}}],"line":18},"7":{"loc":{"start":{"line":19,"column":17},"end":{"line":19,"column":null}},"type":"binary-expr","locations":[{"start":{"line":19,"column":17},"end":{"line":19,"column":54}},{"start":{"line":19,"column":54},"end":{"line":19,"column":null}}],"line":19},"8":{"loc":{"start":{"line":20,"column":24},"end":{"line":20,"column":null}},"type":"binary-expr","locations":[{"start":{"line":20,"column":24},"end":{"line":20,"column":69}},{"start":{"line":20,"column":69},"end":{"line":20,"column":null}}],"line":20},"9":{"loc":{"start":{"line":24,"column":12},"end":{"line":24,"column":null}},"type":"binary-expr","locations":[{"start":{"line":24,"column":12},"end":{"line":24,"column":38}},{"start":{"line":24,"column":38},"end":{"line":24,"column":null}}],"line":24},"10":{"loc":{"start":{"line":25,"column":15},"end":{"line":25,"column":null}},"type":"binary-expr","locations":[{"start":{"line":25,"column":15},"end":{"line":25,"column":45}},{"start":{"line":25,"column":45},"end":{"line":25,"column":null}}],"line":25},"11":{"loc":{"start":{"line":29,"column":14},"end":{"line":29,"column":65}},"type":"binary-expr","locations":[{"start":{"line":29,"column":14},"end":{"line":29,"column":42}},{"start":{"line":29,"column":42},"end":{"line":29,"column":65}}],"line":29}},"s":{"0":1,"1":2},"f":{"0":2},"b":{"0":[1,0],"1":[1,0],"2":[1,0],"3":[1,0],"4":[1,0],"5":[1,1],"6":[1,1],"7":[1,1],"8":[1,1],"9":[1,0],"10":[1,0],"11":[1,0]},"meta":{"lastBranch":12,"lastFunction":1,"lastStatement":2,"seen":{"s:3:15:33:Infinity":0,"b:4:17:4:37:4:37:4:45":0,"b:5:2:5:35:5:35:5:Infinity":1,"b:6:2:6:34:6:34:6:53":2,"b:9:9:9:37:9:37:9:Infinity":3,"b:13:13:13:39:13:39:13:Infinity":4,"b:17:15:17:50:17:50:17:Infinity":5,"b:18:17:18:53:18:53:18:55":6,"b:19:17:19:54:19:54:19:Infinity":7,"b:20:24:20:69:20:69:20:Infinity":8,"b:24:12:24:38:24:38:24:Infinity":9,"b:25:15:25:45:25:45:25:Infinity":10,"b:29:14:29:42:29:42:29:65":11,"f:29:78:29:82":0,"s:29:87:29:95":1},"fnNames":{}}}
,"C:\\Users\\trendaryo\\Desktop\\hunting app\\backend\\database\\index.js": {"path":"C:\\Users\\trendaryo\\Desktop\\hunting app\\backend\\database\\index.js","statementMap":{"0":{"start":{"line":25,"column":17},"end":{"line":29,"column":1}},"1":{"start":{"line":31,"column":20},"end":{"line":31,"column":24}},"2":{"start":{"line":37,"column":22},"end":{"line":37,"column":39}},"3":{"start":{"line":38,"column":23},"end":{"line":38,"column":44}},"4":{"start":{"line":40,"column":2},"end":{"line":42,"column":null}},"5":{"start":{"line":41,"column":4},"end":{"line":41,"column":null}},"6":{"start":{"line":44,"column":2},"end":{"line":44,"column":null}},"7":{"start":{"line":45,"column":2},"end":{"line":45,"column":null}},"8":{"start":{"line":46,"column":2},"end":{"line":46,"column":null}},"9":{"start":{"line":47,"column":2},"end":{"line":47,"column":null}},"10":{"start":{"line":55,"column":2},"end":{"line":57,"column":null}},"11":{"start":{"line":56,"column":4},"end":{"line":56,"column":null}},"12":{"start":{"line":58,"column":2},"end":{"line":58,"column":null}},"13":{"start":{"line":67,"column":2},"end":{"line":67,"column":null}},"14":{"start":{"line":74,"column":2},"end":{"line":78,"column":null}},"15":{"start":{"line":75,"column":4},"end":{"line":75,"column":null}},"16":{"start":{"line":76,"column":4},"end":{"line":76,"column":null}},"17":{"start":{"line":77,"column":4},"end":{"line":77,"column":null}}},"fnMap":{"0":{"name":"connectDB","decl":{"start":{"line":36,"column":22},"end":{"line":36,"column":31}},"loc":{"start":{"line":36,"column":34},"end":{"line":48,"column":null}},"line":36},"1":{"name":"getDB","decl":{"start":{"line":54,"column":16},"end":{"line":54,"column":21}},"loc":{"start":{"line":54,"column":24},"end":{"line":59,"column":null}},"line":54},"2":{"name":"collection","decl":{"start":{"line":66,"column":16},"end":{"line":66,"column":26}},"loc":{"start":{"line":66,"column":33},"end":{"line":68,"column":null}},"line":66},"3":{"name":"disconnectDB","decl":{"start":{"line":73,"column":22},"end":{"line":73,"column":34}},"loc":{"start":{"line":73,"column":37},"end":{"line":79,"column":null}},"line":73}},"branchMap":{"0":{"loc":{"start":{"line":40,"column":2},"end":{"line":42,"column":null}},"type":"if","locations":[{"start":{"line":40,"column":2},"end":{"line":42,"column":null}},{"start":{},"end":{}}],"line":40},"1":{"loc":{"start":{"line":55,"column":2},"end":{"line":57,"column":null}},"type":"if","locations":[{"start":{"line":55,"column":2},"end":{"line":57,"column":null}},{"start":{},"end":{}}],"line":55},"2":{"loc":{"start":{"line":74,"column":2},"end":{"line":78,"column":null}},"type":"if","locations":[{"start":{"line":74,"column":2},"end":{"line":78,"column":null}},{"start":{},"end":{}}],"line":74}},"s":{"0":0,"1":0,"2":0,"3":0,"4":0,"5":0,"6":0,"7":0,"8":0,"9":0,"10":0,"11":0,"12":0,"13":0,"14":0,"15":0,"16":0,"17":0},"f":{"0":0,"1":0,"2":0,"3":0},"b":{"0":[0,0],"1":[0,0],"2":[0,0]},"meta":{"lastBranch":3,"lastFunction":4,"lastStatement":18,"seen":{"s:25:17:29:1":0,"s:31:20:31:24":1,"f:36:22:36:31":0,"s:37:22:37:39":2,"s:38:23:38:44":3,"b:40:2:42:Infinity:undefined:undefined:undefined:undefined":0,"s:40:2:42:Infinity":4,"s:41:4:41:Infinity":5,"s:44:2:44:Infinity":6,"s:45:2:45:Infinity":7,"s:46:2:46:Infinity":8,"s:47:2:47:Infinity":9,"f:54:16:54:21":1,"b:55:2:57:Infinity:undefined:undefined:undefined:undefined":1,"s:55:2:57:Infinity":10,"s:56:4:56:Infinity":11,"s:58:2:58:Infinity":12,"f:66:16:66:26":2,"s:67:2:67:Infinity":13,"f:73:22:73:34":3,"b:74:2:78:Infinity:undefined:undefined:undefined:undefined":2,"s:74:2:78:Infinity":14,"s:75:4:75:Infinity":15,"s:76:4:76:Infinity":16,"s:77:4:77:Infinity":17},"fnNames":{}}}
,"C:\\Users\\trendaryo\\Desktop\\hunting app\\backend\\database\\adapters\\firestore.js": {"path":"C:\\Users\\trendaryo\\Desktop\\hunting app\\backend\\database\\adapters\\firestore.js","statementMap":{"0":{"start":{"line":12,"column":4},"end":{"line":12,"column":null}},"1":{"start":{"line":13,"column":4},"end":{"line":13,"column":null}},"2":{"start":{"line":17,"column":71},"end":{"line":17,"column":86}},"3":{"start":{"line":20,"column":4},"end":{"line":20,"column":null}},"4":{"start":{"line":20,"column":19},"end":{"line":20,"column":null}},"5":{"start":{"line":24,"column":4},"end":{"line":34,"column":null}},"6":{"start":{"line":25,"column":31},"end":{"line":25,"column":54}},"7":{"start":{"line":26,"column":29},"end":{"line":26,"column":82}},"8":{"start":{"line":27,"column":6},"end":{"line":27,"column":null}},"9":{"start":{"line":28,"column":11},"end":{"line":34,"column":null}},"10":{"start":{"line":29,"column":6},"end":{"line":29,"column":null}},"11":{"start":{"line":32,"column":6},"end":{"line":32,"column":null}},"12":{"start":{"line":33,"column":6},"end":{"line":33,"column":null}},"13":{"start":{"line":36,"column":4},"end":{"line":36,"column":null}},"14":{"start":{"line":37,"column":4},"end":{"line":37,"column":null}},"15":{"start":{"line":40,"column":4},"end":{"line":42,"column":null}},"16":{"start":{"line":41,"column":6},"end":{"line":41,"column":null}},"17":{"start":{"line":46,"column":4},"end":{"line":50,"column":null}},"18":{"start":{"line":47,"column":6},"end":{"line":47,"column":null}},"19":{"start":{"line":48,"column":6},"end":{"line":48,"column":null}},"20":{"start":{"line":49,"column":6},"end":{"line":49,"column":null}},"21":{"start":{"line":54,"column":4},"end":{"line":54,"column":null}},"22":{"start":{"line":63,"column":4},"end":{"line":63,"column":null}},"23":{"start":{"line":64,"column":4},"end":{"line":64,"column":null}},"24":{"start":{"line":65,"column":4},"end":{"line":65,"column":null}},"25":{"start":{"line":66,"column":4},"end":{"line":66,"column":null}},"26":{"start":{"line":70,"column":18},"end":{"line":70,"column":31}},"27":{"start":{"line":71,"column":4},"end":{"line":71,"column":null}},"28":{"start":{"line":72,"column":4},"end":{"line":72,"column":null}},"29":{"start":{"line":76,"column":18},"end":{"line":76,"column":31}},"30":{"start":{"line":77,"column":4},"end":{"line":77,"column":null}},"31":{"start":{"line":78,"column":4},"end":{"line":78,"column":null}},"32":{"start":{"line":82,"column":18},"end":{"line":82,"column":31}},"33":{"start":{"line":83,"column":4},"end":{"line":83,"column":null}},"34":{"start":{"line":84,"column":4},"end":{"line":84,"column":null}},"35":{"start":{"line":88,"column":4},"end":{"line":88,"column":null}},"36":{"start":{"line":92,"column":16},"end":{"line":92,"column":60}},"37":{"start":{"line":93,"column":19},"end":{"line":97,"column":6}},"38":{"start":{"line":98,"column":4},"end":{"line":98,"column":null}},"39":{"start":{"line":102,"column":16},"end":{"line":102,"column":25}},"40":{"start":{"line":103,"column":4},"end":{"line":105,"column":null}},"41":{"start":{"line":104,"column":6},"end":{"line":104,"column":null}},"42":{"start":{"line":106,"column":4},"end":{"line":108,"column":null}},"43":{"start":{"line":107,"column":6},"end":{"line":107,"column":null}},"44":{"start":{"line":109,"column":4},"end":{"line":111,"column":null}},"45":{"start":{"line":110,"column":6},"end":{"line":110,"column":null}},"46":{"start":{"line":112,"column":21},"end":{"line":112,"column":38}},"47":{"start":{"line":113,"column":4},"end":{"line":116,"column":null}},"48":{"start":{"line":113,"column":37},"end":{"line":116,"column":5}},"49":{"start":{"line":115,"column":19},"end":{"line":115,"column":48}},"50":{"start":{"line":120,"column":16},"end":{"line":120,"column":25}},"51":{"start":{"line":121,"column":4},"end":{"line":123,"column":null}},"52":{"start":{"line":122,"column":6},"end":{"line":122,"column":null}},"53":{"start":{"line":124,"column":21},"end":{"line":124,"column":46}},"54":{"start":{"line":125,"column":4},"end":{"line":125,"column":null}},"55":{"start":{"line":129,"column":14},"end":{"line":129,"column":51}},"56":{"start":{"line":130,"column":4},"end":{"line":130,"column":null}},"57":{"start":{"line":131,"column":4},"end":{"line":131,"column":null}},"58":{"start":{"line":132,"column":4},"end":{"line":132,"column":null}},"59":{"start":{"line":133,"column":4},"end":{"line":133,"column":null}},"60":{"start":{"line":142,"column":4},"end":{"line":142,"column":null}},"61":{"start":{"line":146,"column":16},"end":{"line":146,"column":37}},"62":{"start":{"line":147,"column":4},"end":{"line":147,"column":null}},"63":{"start":{"line":147,"column":21},"end":{"line":147,"column":null}},"64":{"start":{"line":148,"column":4},"end":{"line":148,"column":null}},"65":{"start":{"line":152,"column":16},"end":{"line":152,"column":60}},"66":{"start":{"line":153,"column":4},"end":{"line":157,"column":null}},"67":{"start":{"line":158,"column":4},"end":{"line":158,"column":null}},"68":{"start":{"line":162,"column":16},"end":{"line":162,"column":60}},"69":{"start":{"line":163,"column":4},"end":{"line":166,"column":null}},"70":{"start":{"line":167,"column":4},"end":{"line":167,"column":null}},"71":{"start":{"line":171,"column":4},"end":{"line":171,"column":null}},"72":{"start":{"line":172,"column":4},"end":{"line":172,"column":null}}},"fnMap":{"0":{"name":"constructor","decl":{"start":{"line":11,"column":2},"end":{"line":11,"column":13}},"loc":{"start":{"line":11,"column":16},"end":{"line":14,"column":null}},"line":11},"1":{"name":"connect","decl":{"start":{"line":16,"column":8},"end":{"line":16,"column":15}},"loc":{"start":{"line":16,"column":24},"end":{"line":43,"column":null}},"line":16},"2":{"name":"disconnect","decl":{"start":{"line":45,"column":8},"end":{"line":45,"column":18}},"loc":{"start":{"line":45,"column":21},"end":{"line":51,"column":null}},"line":45},"3":{"name":"collection","decl":{"start":{"line":53,"column":2},"end":{"line":53,"column":12}},"loc":{"start":{"line":53,"column":19},"end":{"line":55,"column":null}},"line":53},"4":{"name":"constructor_2","decl":{"start":{"line":62,"column":2},"end":{"line":62,"column":13}},"loc":{"start":{"line":62,"column":19},"end":{"line":67,"column":null}},"line":62},"5":{"name":"where","decl":{"start":{"line":69,"column":2},"end":{"line":69,"column":7}},"loc":{"start":{"line":69,"column":26},"end":{"line":73,"column":null}},"line":69},"6":{"name":"orderBy","decl":{"start":{"line":75,"column":2},"end":{"line":75,"column":9}},"loc":{"start":{"line":75,"column":36},"end":{"line":79,"column":null}},"line":75},"7":{"name":"limit","decl":{"start":{"line":81,"column":2},"end":{"line":81,"column":7}},"loc":{"start":{"line":81,"column":11},"end":{"line":85,"column":null}},"line":81},"8":{"name":"doc","decl":{"start":{"line":87,"column":2},"end":{"line":87,"column":5}},"loc":{"start":{"line":87,"column":10},"end":{"line":89,"column":null}},"line":87},"9":{"name":"add","decl":{"start":{"line":91,"column":8},"end":{"line":91,"column":11}},"loc":{"start":{"line":91,"column":18},"end":{"line":99,"column":null}},"line":91},"10":{"name":"get","decl":{"start":{"line":101,"column":8},"end":{"line":101,"column":11}},"loc":{"start":{"line":101,"column":14},"end":{"line":117,"column":null}},"line":101},"11":{"name":"(anonymous_11)","decl":{"start":{"line":113,"column":29},"end":{"line":113,"column":32}},"loc":{"start":{"line":113,"column":37},"end":{"line":116,"column":5}},"line":113},"12":{"name":"(anonymous_12)","decl":{"start":{"line":115,"column":12},"end":{"line":115,"column":13}},"loc":{"start":{"line":115,"column":19},"end":{"line":115,"column":48}},"line":115},"13":{"name":"count","decl":{"start":{"line":119,"column":8},"end":{"line":119,"column":13}},"loc":{"start":{"line":119,"column":16},"end":{"line":126,"column":null}},"line":119},"14":{"name":"_clone","decl":{"start":{"line":128,"column":2},"end":{"line":128,"column":8}},"loc":{"start":{"line":128,"column":11},"end":{"line":134,"column":null}},"line":128},"15":{"name":"constructor_3","decl":{"start":{"line":141,"column":2},"end":{"line":141,"column":13}},"loc":{"start":{"line":141,"column":19},"end":{"line":143,"column":null}},"line":141},"16":{"name":"get_2","decl":{"start":{"line":145,"column":8},"end":{"line":145,"column":11}},"loc":{"start":{"line":145,"column":14},"end":{"line":149,"column":null}},"line":145},"17":{"name":"set","decl":{"start":{"line":151,"column":8},"end":{"line":151,"column":11}},"loc":{"start":{"line":151,"column":18},"end":{"line":159,"column":null}},"line":151},"18":{"name":"update","decl":{"start":{"line":161,"column":8},"end":{"line":161,"column":14}},"loc":{"start":{"line":161,"column":21},"end":{"line":168,"column":null}},"line":161},"19":{"name":"delete","decl":{"start":{"line":170,"column":8},"end":{"line":170,"column":14}},"loc":{"start":{"line":170,"column":17},"end":{"line":173,"column":null}},"line":170}},"branchMap":{"0":{"loc":{"start":{"line":20,"column":4},"end":{"line":20,"column":null}},"type":"if","locations":[{"start":{"line":20,"column":4},"end":{"line":20,"column":null}},{"start":{},"end":{}}],"line":20},"1":{"loc":{"start":{"line":24,"column":4},"end":{"line":34,"column":null}},"type":"if","locations":[{"start":{"line":24,"column":4},"end":{"line":34,"column":null}},{"start":{"line":28,"column":11},"end":{"line":34,"column":null}}],"line":24},"2":{"loc":{"start":{"line":28,"column":11},"end":{"line":34,"column":null}},"type":"if","locations":[{"start":{"line":28,"column":11},"end":{"line":34,"column":null}},{"start":{"line":30,"column":11},"end":{"line":34,"column":null}}],"line":28},"3":{"loc":{"start":{"line":28,"column":15},"end":{"line":28,"column":53}},"type":"binary-expr","locations":[{"start":{"line":28,"column":15},"end":{"line":28,"column":24}},{"start":{"line":28,"column":28},"end":{"line":28,"column":38}},{"start":{"line":28,"column":42},"end":{"line":28,"column":53}}],"line":28},"4":{"loc":{"start":{"line":40,"column":4},"end":{"line":42,"column":null}},"type":"if","locations":[{"start":{"line":40,"column":4},"end":{"line":42,"column":null}},{"start":{},"end":{}}],"line":40},"5":{"loc":{"start":{"line":46,"column":4},"end":{"line":50,"column":null}},"type":"if","locations":[{"start":{"line":46,"column":4},"end":{"line":50,"column":null}},{"start":{},"end":{}}],"line":46},"6":{"loc":{"start":{"line":75,"column":17},"end":{"line":75,"column":34}},"type":"default-arg","locations":[{"start":{"line":75,"column":29},"end":{"line":75,"column":34}}],"line":75},"7":{"loc":{"start":{"line":106,"column":4},"end":{"line":108,"column":null}},"type":"if","locations":[{"start":{"line":106,"column":4},"end":{"line":108,"column":null}},{"start":{},"end":{}}],"line":106},"8":{"loc":{"start":{"line":109,"column":4},"end":{"line":111,"column":null}},"type":"if","locations":[{"start":{"line":109,"column":4},"end":{"line":111,"column":null}},{"start":{},"end":{}}],"line":109},"9":{"loc":{"start":{"line":131,"column":15},"end":{"line":131,"column":54}},"type":"cond-expr","locations":[{"start":{"line":131,"column":29},"end":{"line":131,"column":47}},{"start":{"line":131,"column":50},"end":{"line":131,"column":54}}],"line":131},"10":{"loc":{"start":{"line":147,"column":4},"end":{"line":147,"column":null}},"type":"if","locations":[{"start":{"line":147,"column":4},"end":{"line":147,"column":null}},{"start":{},"end":{}}],"line":147},"11":{"loc":{"start":{"line":156,"column":17},"end":{"line":156,"column":38}},"type":"binary-expr","locations":[{"start":{"line":156,"column":17},"end":{"line":156,"column":31}},{"start":{"line":156,"column":35},"end":{"line":156,"column":38}}],"line":156}},"s":{"0":0,"1":0,"2":0,"3":0,"4":0,"5":0,"6":0,"7":0,"8":0,"9":0,"10":0,"11":0,"12":0,"13":0,"14":0,"15":0,"16":0,"17":0,"18":0,"19":0,"20":0,"21":0,"22":0,"23":0,"24":0,"25":0,"26":0,"27":0,"28":0,"29":0,"30":0,"31":0,"32":0,"33":0,"34":0,"35":0,"36":0,"37":0,"38":0,"39":0,"40":0,"41":0,"42":0,"43":0,"44":0,"45":0,"46":0,"47":0,"48":0,"49":0,"50":0,"51":0,"52":0,"53":0,"54":0,"55":0,"56":0,"57":0,"58":0,"59":0,"60":0,"61":0,"62":0,"63":0,"64":0,"65":0,"66":0,"67":0,"68":0,"69":0,"70":0,"71":0,"72":0},"f":{"0":0,"1":0,"2":0,"3":0,"4":0,"5":0,"6":0,"7":0,"8":0,"9":0,"10":0,"11":0,"12":0,"13":0,"14":0,"15":0,"16":0,"17":0,"18":0,"19":0},"b":{"0":[0,0],"1":[0,0],"2":[0,0],"3":[0,0,0],"4":[0,0],"5":[0,0],"6":[0],"7":[0,0],"8":[0,0],"9":[0,0],"10":[0,0],"11":[0,0]},"meta":{"lastBranch":12,"lastFunction":20,"lastStatement":73,"seen":{"f:11:2:11:13":0,"s:12:4:12:Infinity":0,"s:13:4:13:Infinity":1,"f:16:8:16:15":1,"s:17:71:17:86":2,"b:20:4:20:Infinity:undefined:undefined:undefined:undefined":0,"s:20:4:20:Infinity":3,"s:20:19:20:Infinity":4,"b:24:4:34:Infinity:28:11:34:Infinity":1,"s:24:4:34:Infinity":5,"s:25:31:25:54":6,"s:26:29:26:82":7,"s:27:6:27:Infinity":8,"b:28:11:34:Infinity:30:11:34:Infinity":2,"s:28:11:34:Infinity":9,"b:28:15:28:24:28:28:28:38:28:42:28:53":3,"s:29:6:29:Infinity":10,"s:32:6:32:Infinity":11,"s:33:6:33:Infinity":12,"s:36:4:36:Infinity":13,"s:37:4:37:Infinity":14,"b:40:4:42:Infinity:undefined:undefined:undefined:undefined":4,"s:40:4:42:Infinity":15,"s:41:6:41:Infinity":16,"f:45:8:45:18":2,"b:46:4:50:Infinity:undefined:undefined:undefined:undefined":5,"s:46:4:50:Infinity":17,"s:47:6:47:Infinity":18,"s:48:6:48:Infinity":19,"s:49:6:49:Infinity":20,"f:53:2:53:12":3,"s:54:4:54:Infinity":21,"f:62:2:62:13":4,"s:63:4:63:Infinity":22,"s:64:4:64:Infinity":23,"s:65:4:65:Infinity":24,"s:66:4:66:Infinity":25,"f:69:2:69:7":5,"s:70:18:70:31":26,"s:71:4:71:Infinity":27,"s:72:4:72:Infinity":28,"f:75:2:75:9":6,"b:75:29:75:34":6,"s:76:18:76:31":29,"s:77:4:77:Infinity":30,"s:78:4:78:Infinity":31,"f:81:2:81:7":7,"s:82:18:82:31":32,"s:83:4:83:Infinity":33,"s:84:4:84:Infinity":34,"f:87:2:87:5":8,"s:88:4:88:Infinity":35,"f:91:8:91:11":9,"s:92:16:92:60":36,"s:93:19:97:6":37,"s:98:4:98:Infinity":38,"f:101:8:101:11":10,"s:102:16:102:25":39,"s:103:4:105:Infinity":40,"s:104:6:104:Infinity":41,"b:106:4:108:Infinity:undefined:undefined:undefined:undefined":7,"s:106:4:108:Infinity":42,"s:107:6:107:Infinity":43,"b:109:4:111:Infinity:undefined:undefined:undefined:undefined":8,"s:109:4:111:Infinity":44,"s:110:6:110:Infinity":45,"s:112:21:112:38":46,"s:113:4:116:Infinity":47,"f:113:29:113:32":11,"s:113:37:116:5":48,"f:115:12:115:13":12,"s:115:19:115:48":49,"f:119:8:119:13":13,"s:120:16:120:25":50,"s:121:4:123:Infinity":51,"s:122:6:122:Infinity":52,"s:124:21:124:46":53,"s:125:4:125:Infinity":54,"f:128:2:128:8":14,"s:129:14:129:51":55,"s:130:4:130:Infinity":56,"s:131:4:131:Infinity":57,"b:131:29:131:47:131:50:131:54":9,"s:132:4:132:Infinity":58,"s:133:4:133:Infinity":59,"f:141:2:141:13":15,"s:142:4:142:Infinity":60,"f:145:8:145:11":16,"s:146:16:146:37":61,"b:147:4:147:Infinity:undefined:undefined:undefined:undefined":10,"s:147:4:147:Infinity":62,"s:147:21:147:Infinity":63,"s:148:4:148:Infinity":64,"f:151:8:151:11":17,"s:152:16:152:60":65,"s:153:4:157:Infinity":66,"b:156:17:156:31:156:35:156:38":11,"s:158:4:158:Infinity":67,"f:161:8:161:14":18,"s:162:16:162:60":68,"s:163:4:166:Infinity":69,"s:167:4:167:Infinity":70,"f:170:8:170:14":19,"s:171:4:171:Infinity":71,"s:172:4:172:Infinity":72},"fnNames":{}}}
,"C:\\Users\\trendaryo\\Desktop\\hunting app\\backend\\database\\adapters\\mongodb.js": {"path":"C:\\Users\\trendaryo\\Desktop\\hunting app\\backend\\database\\adapters\\mongodb.js","statementMap":{"0":{"start":{"line":14,"column":4},"end":{"line":14,"column":null}},"1":{"start":{"line":15,"column":4},"end":{"line":15,"column":null}},"2":{"start":{"line":23,"column":4},"end":{"line":23,"column":null}},"3":{"start":{"line":27,"column":4},"end":{"line":31,"column":null}},"4":{"start":{"line":28,"column":6},"end":{"line":28,"column":null}},"5":{"start":{"line":29,"column":6},"end":{"line":29,"column":null}},"6":{"start":{"line":30,"column":6},"end":{"line":30,"column":null}},"7":{"start":{"line":35,"column":4},"end":{"line":35,"column":null}},"8":{"start":{"line":41,"column":4},"end":{"line":41,"column":null}},"9":{"start":{"line":42,"column":4},"end":{"line":42,"column":null}},"10":{"start":{"line":43,"column":4},"end":{"line":43,"column":null}},"11":{"start":{"line":44,"column":4},"end":{"line":44,"column":null}},"12":{"start":{"line":48,"column":18},"end":{"line":48,"column":31}},"13":{"start":{"line":49,"column":18},"end":{"line":49,"column":143}},"14":{"start":{"line":50,"column":4},"end":{"line":50,"column":null}},"15":{"start":{"line":51,"column":4},"end":{"line":51,"column":null}},"16":{"start":{"line":55,"column":18},"end":{"line":55,"column":31}},"17":{"start":{"line":56,"column":4},"end":{"line":56,"column":null}},"18":{"start":{"line":57,"column":4},"end":{"line":57,"column":null}},"19":{"start":{"line":61,"column":18},"end":{"line":61,"column":31}},"20":{"start":{"line":62,"column":4},"end":{"line":62,"column":null}},"21":{"start":{"line":63,"column":4},"end":{"line":63,"column":null}},"22":{"start":{"line":67,"column":4},"end":{"line":67,"column":null}},"23":{"start":{"line":71,"column":16},"end":{"line":71,"column":73}},"24":{"start":{"line":72,"column":19},"end":{"line":72,"column":49}},"25":{"start":{"line":73,"column":4},"end":{"line":73,"column":null}},"26":{"start":{"line":77,"column":19},"end":{"line":77,"column":54}},"27":{"start":{"line":78,"column":17},"end":{"line":78,"column":34}},"28":{"start":{"line":79,"column":19},"end":{"line":79,"column":52}},"29":{"start":{"line":80,"column":4},"end":{"line":80,"column":null}},"30":{"start":{"line":80,"column":22},"end":{"line":80,"column":null}},"31":{"start":{"line":81,"column":17},"end":{"line":81,"column":39}},"32":{"start":{"line":82,"column":4},"end":{"line":82,"column":null}},"33":{"start":{"line":82,"column":26},"end":{"line":82,"column":96}},"34":{"start":{"line":82,"column":63},"end":{"line":82,"column":93}},"35":{"start":{"line":86,"column":19},"end":{"line":86,"column":54}},"36":{"start":{"line":87,"column":4},"end":{"line":87,"column":null}},"37":{"start":{"line":91,"column":14},"end":{"line":91,"column":47}},"38":{"start":{"line":92,"column":4},"end":{"line":92,"column":null}},"39":{"start":{"line":93,"column":4},"end":{"line":93,"column":null}},"40":{"start":{"line":94,"column":4},"end":{"line":94,"column":null}},"41":{"start":{"line":95,"column":4},"end":{"line":95,"column":null}},"42":{"start":{"line":101,"column":4},"end":{"line":101,"column":null}},"43":{"start":{"line":102,"column":4},"end":{"line":102,"column":null}},"44":{"start":{"line":106,"column":25},"end":{"line":106,"column":48}},"45":{"start":{"line":107,"column":16},"end":{"line":107,"column":72}},"46":{"start":{"line":108,"column":4},"end":{"line":108,"column":null}},"47":{"start":{"line":108,"column":14},"end":{"line":108,"column":null}},"48":{"start":{"line":109,"column":4},"end":{"line":109,"column":null}},"49":{"start":{"line":113,"column":25},"end":{"line":113,"column":48}},"50":{"start":{"line":114,"column":16},"end":{"line":114,"column":120}},"51":{"start":{"line":115,"column":4},"end":{"line":115,"column":null}},"52":{"start":{"line":116,"column":4},"end":{"line":116,"column":null}},"53":{"start":{"line":120,"column":25},"end":{"line":120,"column":48}},"54":{"start":{"line":121,"column":4},"end":{"line":121,"column":null}},"55":{"start":{"line":122,"column":4},"end":{"line":122,"column":null}},"56":{"start":{"line":126,"column":25},"end":{"line":126,"column":48}},"57":{"start":{"line":127,"column":4},"end":{"line":127,"column":null}},"58":{"start":{"line":128,"column":4},"end":{"line":128,"column":null}}},"fnMap":{"0":{"name":"constructor","decl":{"start":{"line":13,"column":2},"end":{"line":13,"column":13}},"loc":{"start":{"line":13,"column":16},"end":{"line":16,"column":null}},"line":13},"1":{"name":"connect","decl":{"start":{"line":18,"column":8},"end":{"line":18,"column":15}},"loc":{"start":{"line":18,"column":24},"end":{"line":24,"column":null}},"line":18},"2":{"name":"disconnect","decl":{"start":{"line":26,"column":8},"end":{"line":26,"column":18}},"loc":{"start":{"line":26,"column":21},"end":{"line":32,"column":null}},"line":26},"3":{"name":"collection","decl":{"start":{"line":34,"column":2},"end":{"line":34,"column":12}},"loc":{"start":{"line":34,"column":19},"end":{"line":36,"column":null}},"line":34},"4":{"name":"constructor_2","decl":{"start":{"line":40,"column":2},"end":{"line":40,"column":13}},"loc":{"start":{"line":40,"column":19},"end":{"line":45,"column":null}},"line":40},"5":{"name":"where","decl":{"start":{"line":47,"column":2},"end":{"line":47,"column":7}},"loc":{"start":{"line":47,"column":26},"end":{"line":52,"column":null}},"line":47},"6":{"name":"orderBy","decl":{"start":{"line":54,"column":2},"end":{"line":54,"column":9}},"loc":{"start":{"line":54,"column":36},"end":{"line":58,"column":null}},"line":54},"7":{"name":"limit","decl":{"start":{"line":60,"column":2},"end":{"line":60,"column":7}},"loc":{"start":{"line":60,"column":11},"end":{"line":64,"column":null}},"line":60},"8":{"name":"doc","decl":{"start":{"line":66,"column":2},"end":{"line":66,"column":5}},"loc":{"start":{"line":66,"column":10},"end":{"line":68,"column":null}},"line":66},"9":{"name":"add","decl":{"start":{"line":70,"column":8},"end":{"line":70,"column":11}},"loc":{"start":{"line":70,"column":18},"end":{"line":74,"column":null}},"line":70},"10":{"name":"get","decl":{"start":{"line":76,"column":8},"end":{"line":76,"column":11}},"loc":{"start":{"line":76,"column":14},"end":{"line":83,"column":null}},"line":76},"11":{"name":"(anonymous_11)","decl":{"start":{"line":82,"column":20},"end":{"line":82,"column":21}},"loc":{"start":{"line":82,"column":26},"end":{"line":82,"column":96}},"line":82},"12":{"name":"(anonymous_12)","decl":{"start":{"line":82,"column":56},"end":{"line":82,"column":57}},"loc":{"start":{"line":82,"column":63},"end":{"line":82,"column":93}},"line":82},"13":{"name":"count","decl":{"start":{"line":85,"column":8},"end":{"line":85,"column":13}},"loc":{"start":{"line":85,"column":16},"end":{"line":88,"column":null}},"line":85},"14":{"name":"_clone","decl":{"start":{"line":90,"column":2},"end":{"line":90,"column":8}},"loc":{"start":{"line":90,"column":11},"end":{"line":96,"column":null}},"line":90},"15":{"name":"constructor_3","decl":{"start":{"line":100,"column":2},"end":{"line":100,"column":13}},"loc":{"start":{"line":100,"column":23},"end":{"line":103,"column":null}},"line":100},"16":{"name":"get_2","decl":{"start":{"line":105,"column":8},"end":{"line":105,"column":11}},"loc":{"start":{"line":105,"column":14},"end":{"line":110,"column":null}},"line":105},"17":{"name":"set","decl":{"start":{"line":112,"column":8},"end":{"line":112,"column":11}},"loc":{"start":{"line":112,"column":18},"end":{"line":117,"column":null}},"line":112},"18":{"name":"update","decl":{"start":{"line":119,"column":8},"end":{"line":119,"column":14}},"loc":{"start":{"line":119,"column":21},"end":{"line":123,"column":null}},"line":119},"19":{"name":"delete","decl":{"start":{"line":125,"column":8},"end":{"line":125,"column":14}},"loc":{"start":{"line":125,"column":17},"end":{"line":129,"column":null}},"line":125}},"branchMap":{"0":{"loc":{"start":{"line":27,"column":4},"end":{"line":31,"column":null}},"type":"if","locations":[{"start":{"line":27,"column":4},"end":{"line":31,"column":null}},{"start":{},"end":{}}],"line":27},"1":{"loc":{"start":{"line":50,"column":38},"end":{"line":50,"column":53}},"type":"binary-expr","locations":[{"start":{"line":50,"column":38},"end":{"line":50,"column":47}},{"start":{"line":50,"column":51},"end":{"line":50,"column":53}}],"line":50},"2":{"loc":{"start":{"line":54,"column":17},"end":{"line":54,"column":34}},"type":"default-arg","locations":[{"start":{"line":54,"column":29},"end":{"line":54,"column":34}}],"line":54},"3":{"loc":{"start":{"line":56,"column":30},"end":{"line":56,"column":59}},"type":"cond-expr","locations":[{"start":{"line":56,"column":53},"end":{"line":56,"column":55}},{"start":{"line":56,"column":58},"end":{"line":56,"column":59}}],"line":56},"4":{"loc":{"start":{"line":78,"column":17},"end":{"line":78,"column":34}},"type":"binary-expr","locations":[{"start":{"line":78,"column":17},"end":{"line":78,"column":28}},{"start":{"line":78,"column":32},"end":{"line":78,"column":34}}],"line":78},"5":{"loc":{"start":{"line":80,"column":4},"end":{"line":80,"column":null}},"type":"if","locations":[{"start":{"line":80,"column":4},"end":{"line":80,"column":null}},{"start":{},"end":{}}],"line":80},"6":{"loc":{"start":{"line":93,"column":15},"end":{"line":93,"column":54}},"type":"cond-expr","locations":[{"start":{"line":93,"column":29},"end":{"line":93,"column":47}},{"start":{"line":93,"column":50},"end":{"line":93,"column":54}}],"line":93},"7":{"loc":{"start":{"line":108,"column":4},"end":{"line":108,"column":null}},"type":"if","locations":[{"start":{"line":108,"column":4},"end":{"line":108,"column":null}},{"start":{},"end":{}}],"line":108},"8":{"loc":{"start":{"line":114,"column":90},"end":{"line":114,"column":118}},"type":"binary-expr","locations":[{"start":{"line":114,"column":90},"end":{"line":114,"column":104}},{"start":{"line":114,"column":108},"end":{"line":114,"column":118}}],"line":114}},"s":{"0":0,"1":0,"2":0,"3":0,"4":0,"5":0,"6":0,"7":0,"8":0,"9":0,"10":0,"11":0,"12":0,"13":0,"14":0,"15":0,"16":0,"17":0,"18":0,"19":0,"20":0,"21":0,"22":0,"23":0,"24":0,"25":0,"26":0,"27":0,"28":0,"29":0,"30":0,"31":0,"32":0,"33":0,"34":0,"35":0,"36":0,"37":0,"38":0,"39":0,"40":0,"41":0,"42":0,"43":0,"44":0,"45":0,"46":0,"47":0,"48":0,"49":0,"50":0,"51":0,"52":0,"53":0,"54":0,"55":0,"56":0,"57":0,"58":0},"f":{"0":0,"1":0,"2":0,"3":0,"4":0,"5":0,"6":0,"7":0,"8":0,"9":0,"10":0,"11":0,"12":0,"13":0,"14":0,"15":0,"16":0,"17":0,"18":0,"19":0},"b":{"0":[0,0],"1":[0,0],"2":[0],"3":[0,0],"4":[0,0],"5":[0,0],"6":[0,0],"7":[0,0],"8":[0,0]},"meta":{"lastBranch":9,"lastFunction":20,"lastStatement":59,"seen":{"f:13:2:13:13":0,"s:14:4:14:Infinity":0,"s:15:4:15:Infinity":1,"f:18:8:18:15":1,"s:23:4:23:Infinity":2,"f:26:8:26:18":2,"b:27:4:31:Infinity:undefined:undefined:undefined:undefined":0,"s:27:4:31:Infinity":3,"s:28:6:28:Infinity":4,"s:29:6:29:Infinity":5,"s:30:6:30:Infinity":6,"f:34:2:34:12":3,"s:35:4:35:Infinity":7,"f:40:2:40:13":4,"s:41:4:41:Infinity":8,"s:42:4:42:Infinity":9,"s:43:4:43:Infinity":10,"s:44:4:44:Infinity":11,"f:47:2:47:7":5,"s:48:18:48:31":12,"s:49:18:49:143":13,"s:50:4:50:Infinity":14,"b:50:38:50:47:50:51:50:53":1,"s:51:4:51:Infinity":15,"f:54:2:54:9":6,"b:54:29:54:34":2,"s:55:18:55:31":16,"s:56:4:56:Infinity":17,"b:56:53:56:55:56:58:56:59":3,"s:57:4:57:Infinity":18,"f:60:2:60:7":7,"s:61:18:61:31":19,"s:62:4:62:Infinity":20,"s:63:4:63:Infinity":21,"f:66:2:66:5":8,"s:67:4:67:Infinity":22,"f:70:8:70:11":9,"s:71:16:71:73":23,"s:72:19:72:49":24,"s:73:4:73:Infinity":25,"f:76:8:76:11":10,"s:77:19:77:54":26,"s:78:17:78:34":27,"b:78:17:78:28:78:32:78:34":4,"s:79:19:79:52":28,"b:80:4:80:Infinity:undefined:undefined:undefined:undefined":5,"s:80:4:80:Infinity":29,"s:80:22:80:Infinity":30,"s:81:17:81:39":31,"s:82:4:82:Infinity":32,"f:82:20:82:21":11,"s:82:26:82:96":33,"f:82:56:82:57":12,"s:82:63:82:93":34,"f:85:8:85:13":13,"s:86:19:86:54":35,"s:87:4:87:Infinity":36,"f:90:2:90:8":14,"s:91:14:91:47":37,"s:92:4:92:Infinity":38,"s:93:4:93:Infinity":39,"b:93:29:93:47:93:50:93:54":6,"s:94:4:94:Infinity":40,"s:95:4:95:Infinity":41,"f:100:2:100:13":15,"s:101:4:101:Infinity":42,"s:102:4:102:Infinity":43,"f:105:8:105:11":16,"s:106:25:106:48":44,"s:107:16:107:72":45,"b:108:4:108:Infinity:undefined:undefined:undefined:undefined":7,"s:108:4:108:Infinity":46,"s:108:14:108:Infinity":47,"s:109:4:109:Infinity":48,"f:112:8:112:11":17,"s:113:25:113:48":49,"s:114:16:114:120":50,"b:114:90:114:104:114:108:114:118":8,"s:115:4:115:Infinity":51,"s:116:4:116:Infinity":52,"f:119:8:119:14":18,"s:120:25:120:48":53,"s:121:4:121:Infinity":54,"s:122:4:122:Infinity":55,"f:125:8:125:14":19,"s:126:25:126:48":56,"s:127:4:127:Infinity":57,"s:128:4:128:Infinity":58},"fnNames":{}}}
,"C:\\Users\\trendaryo\\Desktop\\hunting app\\backend\\database\\adapters\\postgres.js": {"path":"C:\\Users\\trendaryo\\Desktop\\hunting app\\backend\\database\\adapters\\postgres.js","statementMap":{"0":{"start":{"line":15,"column":4},"end":{"line":15,"column":null}},"1":{"start":{"line":26,"column":4},"end":{"line":26,"column":null}},"2":{"start":{"line":30,"column":4},"end":{"line":33,"column":null}},"3":{"start":{"line":31,"column":6},"end":{"line":31,"column":null}},"4":{"start":{"line":32,"column":6},"end":{"line":32,"column":null}},"5":{"start":{"line":37,"column":4},"end":{"line":37,"column":null}},"6":{"start":{"line":43,"column":4},"end":{"line":43,"column":null}},"7":{"start":{"line":44,"column":4},"end":{"line":44,"column":null}},"8":{"start":{"line":45,"column":4},"end":{"line":45,"column":null}},"9":{"start":{"line":46,"column":4},"end":{"line":46,"column":null}},"10":{"start":{"line":47,"column":4},"end":{"line":47,"column":null}},"11":{"start":{"line":51,"column":18},"end":{"line":51,"column":31}},"12":{"start":{"line":52,"column":18},"end":{"line":52,"column":87}},"13":{"start":{"line":53,"column":4},"end":{"line":53,"column":null}},"14":{"start":{"line":54,"column":4},"end":{"line":54,"column":null}},"15":{"start":{"line":58,"column":18},"end":{"line":58,"column":31}},"16":{"start":{"line":59,"column":4},"end":{"line":59,"column":null}},"17":{"start":{"line":60,"column":4},"end":{"line":60,"column":null}},"18":{"start":{"line":64,"column":18},"end":{"line":64,"column":31}},"19":{"start":{"line":65,"column":4},"end":{"line":65,"column":null}},"20":{"start":{"line":66,"column":4},"end":{"line":66,"column":null}},"21":{"start":{"line":70,"column":4},"end":{"line":70,"column":null}},"22":{"start":{"line":74,"column":25},"end":{"line":74,"column":77}},"23":{"start":{"line":75,"column":15},"end":{"line":75,"column":21}},"24":{"start":{"line":76,"column":17},"end":{"line":76,"column":45}},"25":{"start":{"line":77,"column":19},"end":{"line":77,"column":47}},"26":{"start":{"line":78,"column":25},"end":{"line":78,"column":67}},"27":{"start":{"line":78,"column":44},"end":{"line":78,"column":55}},"28":{"start":{"line":79,"column":16},"end":{"line":79,"column":124}},"29":{"start":{"line":79,"column":63},"end":{"line":79,"column":71}},"30":{"start":{"line":80,"column":4},"end":{"line":80,"column":null}},"31":{"start":{"line":81,"column":4},"end":{"line":81,"column":null}},"32":{"start":{"line":85,"column":14},"end":{"line":85,"column":46}},"33":{"start":{"line":86,"column":19},"end":{"line":86,"column":21}},"34":{"start":{"line":87,"column":4},"end":{"line":93,"column":null}},"35":{"start":{"line":88,"column":25},"end":{"line":91,"column":8}},"36":{"start":{"line":89,"column":8},"end":{"line":89,"column":null}},"37":{"start":{"line":90,"column":8},"end":{"line":90,"column":null}},"38":{"start":{"line":92,"column":6},"end":{"line":92,"column":null}},"39":{"start":{"line":94,"column":4},"end":{"line":94,"column":null}},"40":{"start":{"line":94,"column":29},"end":{"line":94,"column":null}},"41":{"start":{"line":95,"column":4},"end":{"line":95,"column":null}},"42":{"start":{"line":95,"column":31},"end":{"line":95,"column":null}},"43":{"start":{"line":96,"column":19},"end":{"line":96,"column":54}},"44":{"start":{"line":97,"column":4},"end":{"line":97,"column":null}},"45":{"start":{"line":97,"column":35},"end":{"line":97,"column":66}},"46":{"start":{"line":97,"column":61},"end":{"line":97,"column":64}},"47":{"start":{"line":101,"column":14},"end":{"line":101,"column":62}},"48":{"start":{"line":102,"column":19},"end":{"line":102,"column":21}},"49":{"start":{"line":103,"column":4},"end":{"line":109,"column":null}},"50":{"start":{"line":104,"column":25},"end":{"line":107,"column":8}},"51":{"start":{"line":105,"column":8},"end":{"line":105,"column":null}},"52":{"start":{"line":106,"column":8},"end":{"line":106,"column":null}},"53":{"start":{"line":108,"column":6},"end":{"line":108,"column":null}},"54":{"start":{"line":110,"column":19},"end":{"line":110,"column":54}},"55":{"start":{"line":111,"column":4},"end":{"line":111,"column":null}},"56":{"start":{"line":115,"column":14},"end":{"line":115,"column":64}},"57":{"start":{"line":116,"column":4},"end":{"line":116,"column":null}},"58":{"start":{"line":117,"column":4},"end":{"line":117,"column":null}},"59":{"start":{"line":118,"column":4},"end":{"line":118,"column":null}},"60":{"start":{"line":119,"column":4},"end":{"line":119,"column":null}},"61":{"start":{"line":125,"column":4},"end":{"line":125,"column":null}},"62":{"start":{"line":126,"column":4},"end":{"line":126,"column":null}},"63":{"start":{"line":127,"column":4},"end":{"line":127,"column":null}},"64":{"start":{"line":131,"column":19},"end":{"line":131,"column":101}},"65":{"start":{"line":132,"column":4},"end":{"line":132,"column":null}},"66":{"start":{"line":136,"column":16},"end":{"line":136,"column":40}},"67":{"start":{"line":137,"column":16},"end":{"line":137,"column":91}},"68":{"start":{"line":138,"column":17},"end":{"line":138,"column":33}},"69":{"start":{"line":139,"column":19},"end":{"line":139,"column":37}},"70":{"start":{"line":140,"column":20},"end":{"line":140,"column":71}},"71":{"start":{"line":140,"column":39},"end":{"line":140,"column":59}},"72":{"start":{"line":141,"column":16},"end":{"line":141,"column":183}},"73":{"start":{"line":141,"column":63},"end":{"line":141,"column":71}},"74":{"start":{"line":141,"column":115},"end":{"line":141,"column":126}},"75":{"start":{"line":142,"column":4},"end":{"line":142,"column":null}},"76":{"start":{"line":143,"column":4},"end":{"line":143,"column":null}},"77":{"start":{"line":147,"column":16},"end":{"line":147,"column":40}},"78":{"start":{"line":148,"column":16},"end":{"line":148,"column":43}},"79":{"start":{"line":149,"column":17},"end":{"line":149,"column":33}},"80":{"start":{"line":150,"column":19},"end":{"line":150,"column":37}},"81":{"start":{"line":151,"column":20},"end":{"line":151,"column":71}},"82":{"start":{"line":151,"column":39},"end":{"line":151,"column":59}},"83":{"start":{"line":152,"column":16},"end":{"line":152,"column":87}},"84":{"start":{"line":153,"column":4},"end":{"line":153,"column":null}},"85":{"start":{"line":154,"column":4},"end":{"line":154,"column":null}},"86":{"start":{"line":158,"column":4},"end":{"line":158,"column":null}},"87":{"start":{"line":159,"column":4},"end":{"line":159,"column":null}}},"fnMap":{"0":{"name":"constructor","decl":{"start":{"line":14,"column":2},"end":{"line":14,"column":13}},"loc":{"start":{"line":14,"column":16},"end":{"line":16,"column":null}},"line":14},"1":{"name":"connect","decl":{"start":{"line":18,"column":8},"end":{"line":18,"column":15}},"loc":{"start":{"line":18,"column":24},"end":{"line":27,"column":null}},"line":18},"2":{"name":"disconnect","decl":{"start":{"line":29,"column":8},"end":{"line":29,"column":18}},"loc":{"start":{"line":29,"column":21},"end":{"line":34,"column":null}},"line":29},"3":{"name":"collection","decl":{"start":{"line":36,"column":2},"end":{"line":36,"column":12}},"loc":{"start":{"line":36,"column":19},"end":{"line":38,"column":null}},"line":36},"4":{"name":"constructor_2","decl":{"start":{"line":42,"column":2},"end":{"line":42,"column":13}},"loc":{"start":{"line":42,"column":27},"end":{"line":48,"column":null}},"line":42},"5":{"name":"where","decl":{"start":{"line":50,"column":2},"end":{"line":50,"column":7}},"loc":{"start":{"line":50,"column":26},"end":{"line":55,"column":null}},"line":50},"6":{"name":"orderBy","decl":{"start":{"line":57,"column":2},"end":{"line":57,"column":9}},"loc":{"start":{"line":57,"column":36},"end":{"line":61,"column":null}},"line":57},"7":{"name":"limit","decl":{"start":{"line":63,"column":2},"end":{"line":63,"column":7}},"loc":{"start":{"line":63,"column":11},"end":{"line":67,"column":null}},"line":63},"8":{"name":"doc","decl":{"start":{"line":69,"column":2},"end":{"line":69,"column":5}},"loc":{"start":{"line":69,"column":10},"end":{"line":71,"column":null}},"line":69},"9":{"name":"add","decl":{"start":{"line":73,"column":8},"end":{"line":73,"column":11}},"loc":{"start":{"line":73,"column":18},"end":{"line":82,"column":null}},"line":73},"10":{"name":"(anonymous_10)","decl":{"start":{"line":78,"column":34},"end":{"line":78,"column":35}},"loc":{"start":{"line":78,"column":44},"end":{"line":78,"column":55}},"line":78},"11":{"name":"(anonymous_11)","decl":{"start":{"line":79,"column":58},"end":{"line":79,"column":59}},"loc":{"start":{"line":79,"column":63},"end":{"line":79,"column":71}},"line":79},"12":{"name":"get","decl":{"start":{"line":84,"column":8},"end":{"line":84,"column":11}},"loc":{"start":{"line":84,"column":14},"end":{"line":98,"column":null}},"line":84},"13":{"name":"(anonymous_13)","decl":{"start":{"line":88,"column":42},"end":{"line":88,"column":43}},"loc":{"start":{"line":88,"column":52},"end":{"line":91,"column":7}},"line":88},"14":{"name":"(anonymous_14)","decl":{"start":{"line":97,"column":27},"end":{"line":97,"column":30}},"loc":{"start":{"line":97,"column":35},"end":{"line":97,"column":66}},"line":97},"15":{"name":"(anonymous_15)","decl":{"start":{"line":97,"column":55},"end":{"line":97,"column":56}},"loc":{"start":{"line":97,"column":61},"end":{"line":97,"column":64}},"line":97},"16":{"name":"count","decl":{"start":{"line":100,"column":8},"end":{"line":100,"column":13}},"loc":{"start":{"line":100,"column":16},"end":{"line":112,"column":null}},"line":100},"17":{"name":"(anonymous_17)","decl":{"start":{"line":104,"column":42},"end":{"line":104,"column":43}},"loc":{"start":{"line":104,"column":52},"end":{"line":107,"column":7}},"line":104},"18":{"name":"_clone","decl":{"start":{"line":114,"column":2},"end":{"line":114,"column":8}},"loc":{"start":{"line":114,"column":11},"end":{"line":120,"column":null}},"line":114},"19":{"name":"constructor_3","decl":{"start":{"line":124,"column":2},"end":{"line":124,"column":13}},"loc":{"start":{"line":124,"column":31},"end":{"line":128,"column":null}},"line":124},"20":{"name":"get_2","decl":{"start":{"line":130,"column":8},"end":{"line":130,"column":11}},"loc":{"start":{"line":130,"column":14},"end":{"line":133,"column":null}},"line":130},"21":{"name":"set","decl":{"start":{"line":135,"column":8},"end":{"line":135,"column":11}},"loc":{"start":{"line":135,"column":18},"end":{"line":144,"column":null}},"line":135},"22":{"name":"(anonymous_22)","decl":{"start":{"line":140,"column":29},"end":{"line":140,"column":30}},"loc":{"start":{"line":140,"column":39},"end":{"line":140,"column":59}},"line":140},"23":{"name":"(anonymous_23)","decl":{"start":{"line":141,"column":58},"end":{"line":141,"column":59}},"loc":{"start":{"line":141,"column":63},"end":{"line":141,"column":71}},"line":141},"24":{"name":"(anonymous_24)","decl":{"start":{"line":141,"column":105},"end":{"line":141,"column":106}},"loc":{"start":{"line":141,"column":115},"end":{"line":141,"column":126}},"line":141},"25":{"name":"update","decl":{"start":{"line":146,"column":8},"end":{"line":146,"column":14}},"loc":{"start":{"line":146,"column":21},"end":{"line":155,"column":null}},"line":146},"26":{"name":"(anonymous_26)","decl":{"start":{"line":151,"column":29},"end":{"line":151,"column":30}},"loc":{"start":{"line":151,"column":39},"end":{"line":151,"column":59}},"line":151},"27":{"name":"delete","decl":{"start":{"line":157,"column":8},"end":{"line":157,"column":14}},"loc":{"start":{"line":157,"column":17},"end":{"line":160,"column":null}},"line":157}},"branchMap":{"0":{"loc":{"start":{"line":30,"column":4},"end":{"line":33,"column":null}},"type":"if","locations":[{"start":{"line":30,"column":4},"end":{"line":33,"column":null}},{"start":{},"end":{}}],"line":30},"1":{"loc":{"start":{"line":53,"column":36},"end":{"line":53,"column":51}},"type":"binary-expr","locations":[{"start":{"line":53,"column":36},"end":{"line":53,"column":45}},{"start":{"line":53,"column":49},"end":{"line":53,"column":51}}],"line":53},"2":{"loc":{"start":{"line":57,"column":17},"end":{"line":57,"column":34}},"type":"default-arg","locations":[{"start":{"line":57,"column":29},"end":{"line":57,"column":34}}],"line":57},"3":{"loc":{"start":{"line":87,"column":4},"end":{"line":93,"column":null}},"type":"if","locations":[{"start":{"line":87,"column":4},"end":{"line":93,"column":null}},{"start":{},"end":{}}],"line":87},"4":{"loc":{"start":{"line":94,"column":4},"end":{"line":94,"column":null}},"type":"if","locations":[{"start":{"line":94,"column":4},"end":{"line":94,"column":null}},{"start":{},"end":{}}],"line":94},"5":{"loc":{"start":{"line":95,"column":4},"end":{"line":95,"column":null}},"type":"if","locations":[{"start":{"line":95,"column":4},"end":{"line":95,"column":null}},{"start":{},"end":{}}],"line":95},"6":{"loc":{"start":{"line":103,"column":4},"end":{"line":109,"column":null}},"type":"if","locations":[{"start":{"line":103,"column":4},"end":{"line":109,"column":null}},{"start":{},"end":{}}],"line":103},"7":{"loc":{"start":{"line":132,"column":11},"end":{"line":132,"column":33}},"type":"binary-expr","locations":[{"start":{"line":132,"column":11},"end":{"line":132,"column":25}},{"start":{"line":132,"column":29},"end":{"line":132,"column":33}}],"line":132},"8":{"loc":{"start":{"line":137,"column":68},"end":{"line":137,"column":89}},"type":"binary-expr","locations":[{"start":{"line":137,"column":68},"end":{"line":137,"column":82}},{"start":{"line":137,"column":86},"end":{"line":137,"column":89}}],"line":137}},"s":{"0":0,"1":0,"2":0,"3":0,"4":0,"5":0,"6":0,"7":0,"8":0,"9":0,"10":0,"11":0,"12":0,"13":0,"14":0,"15":0,"16":0,"17":0,"18":0,"19":0,"20":0,"21":0,"22":0,"23":0,"24":0,"25":0,"26":0,"27":0,"28":0,"29":0,"30":0,"31":0,"32":0,"33":0,"34":0,"35":0,"36":0,"37":0,"38":0,"39":0,"40":0,"41":0,"42":0,"43":0,"44":0,"45":0,"46":0,"47":0,"48":0,"49":0,"50":0,"51":0,"52":0,"53":0,"54":0,"55":0,"56":0,"57":0,"58":0,"59":0,"60":0,"61":0,"62":0,"63":0,"64":0,"65":0,"66":0,"67":0,"68":0,"69":0,"70":0,"71":0,"72":0,"73":0,"74":0,"75":0,"76":0,"77":0,"78":0,"79":0,"80":0,"81":0,"82":0,"83":0,"84":0,"85":0,"86":0,"87":0},"f":{"0":0,"1":0,"2":0,"3":0,"4":0,"5":0,"6":0,"7":0,"8":0,"9":0,"10":0,"11":0,"12":0,"13":0,"14":0,"15":0,"16":0,"17":0,"18":0,"19":0,"20":0,"21":0,"22":0,"23":0,"24":0,"25":0,"26":0,"27":0},"b":{"0":[0,0],"1":[0,0],"2":[0],"3":[0,0],"4":[0,0],"5":[0,0],"6":[0,0],"7":[0,0],"8":[0,0]},"meta":{"lastBranch":9,"lastFunction":28,"lastStatement":88,"seen":{"f:14:2:14:13":0,"s:15:4:15:Infinity":0,"f:18:8:18:15":1,"s:26:4:26:Infinity":1,"f:29:8:29:18":2,"b:30:4:33:Infinity:undefined:undefined:undefined:undefined":0,"s:30:4:33:Infinity":2,"s:31:6:31:Infinity":3,"s:32:6:32:Infinity":4,"f:36:2:36:12":3,"s:37:4:37:Infinity":5,"f:42:2:42:13":4,"s:43:4:43:Infinity":6,"s:44:4:44:Infinity":7,"s:45:4:45:Infinity":8,"s:46:4:46:Infinity":9,"s:47:4:47:Infinity":10,"f:50:2:50:7":5,"s:51:18:51:31":11,"s:52:18:52:87":12,"s:53:4:53:Infinity":13,"b:53:36:53:45:53:49:53:51":1,"s:54:4:54:Infinity":14,"f:57:2:57:9":6,"b:57:29:57:34":2,"s:58:18:58:31":15,"s:59:4:59:Infinity":16,"s:60:4:60:Infinity":17,"f:63:2:63:7":7,"s:64:18:64:31":18,"s:65:4:65:Infinity":19,"s:66:4:66:Infinity":20,"f:69:2:69:5":8,"s:70:4:70:Infinity":21,"f:73:8:73:11":9,"s:74:25:74:77":22,"s:75:15:75:21":23,"s:76:17:76:45":24,"s:77:19:77:47":25,"s:78:25:78:67":26,"f:78:34:78:35":10,"s:78:44:78:55":27,"s:79:16:79:124":28,"f:79:58:79:59":11,"s:79:63:79:71":29,"s:80:4:80:Infinity":30,"s:81:4:81:Infinity":31,"f:84:8:84:11":12,"s:85:14:85:46":32,"s:86:19:86:21":33,"b:87:4:93:Infinity:undefined:undefined:undefined:undefined":3,"s:87:4:93:Infinity":34,"s:88:25:91:8":35,"f:88:42:88:43":13,"s:89:8:89:Infinity":36,"s:90:8:90:Infinity":37,"s:92:6:92:Infinity":38,"b:94:4:94:Infinity:undefined:undefined:undefined:undefined":4,"s:94:4:94:Infinity":39,"s:94:29:94:Infinity":40,"b:95:4:95:Infinity:undefined:undefined:undefined:undefined":5,"s:95:4:95:Infinity":41,"s:95:31:95:Infinity":42,"s:96:19:96:54":43,"s:97:4:97:Infinity":44,"f:97:27:97:30":14,"s:97:35:97:66":45,"f:97:55:97:56":15,"s:97:61:97:64":46,"f:100:8:100:13":16,"s:101:14:101:62":47,"s:102:19:102:21":48,"b:103:4:109:Infinity:undefined:undefined:undefined:undefined":6,"s:103:4:109:Infinity":49,"s:104:25:107:8":50,"f:104:42:104:43":17,"s:105:8:105:Infinity":51,"s:106:8:106:Infinity":52,"s:108:6:108:Infinity":53,"s:110:19:110:54":54,"s:111:4:111:Infinity":55,"f:114:2:114:8":18,"s:115:14:115:64":56,"s:116:4:116:Infinity":57,"s:117:4:117:Infinity":58,"s:118:4:118:Infinity":59,"s:119:4:119:Infinity":60,"f:124:2:124:13":19,"s:125:4:125:Infinity":61,"s:126:4:126:Infinity":62,"s:127:4:127:Infinity":63,"f:130:8:130:11":20,"s:131:19:131:101":64,"s:132:4:132:Infinity":65,"b:132:11:132:25:132:29:132:33":7,"f:135:8:135:11":21,"s:136:16:136:40":66,"s:137:16:137:91":67,"b:137:68:137:82:137:86:137:89":8,"s:138:17:138:33":68,"s:139:19:139:37":69,"s:140:20:140:71":70,"f:140:29:140:30":22,"s:140:39:140:59":71,"s:141:16:141:183":72,"f:141:58:141:59":23,"s:141:63:141:71":73,"f:141:105:141:106":24,"s:141:115:141:126":74,"s:142:4:142:Infinity":75,"s:143:4:143:Infinity":76,"f:146:8:146:14":25,"s:147:16:147:40":77,"s:148:16:148:43":78,"s:149:17:149:33":79,"s:150:19:150:37":80,"s:151:20:151:71":81,"f:151:29:151:30":26,"s:151:39:151:59":82,"s:152:16:152:87":83,"s:153:4:153:Infinity":84,"s:154:4:154:Infinity":85,"f:157:8:157:14":27,"s:158:4:158:Infinity":86,"s:159:4:159:Infinity":87},"fnNames":{}}}
,"C:\\Users\\trendaryo\\Desktop\\hunting app\\backend\\middleware\\auth.js": {"path":"C:\\Users\\trendaryo\\Desktop\\hunting app\\backend\\middleware\\auth.js","statementMap":{"0":{"start":{"line":17,"column":21},"end":{"line":17,"column":46}},"1":{"start":{"line":18,"column":2},"end":{"line":20,"column":null}},"2":{"start":{"line":19,"column":4},"end":{"line":19,"column":null}},"3":{"start":{"line":22,"column":16},"end":{"line":22,"column":35}},"4":{"start":{"line":23,"column":2},"end":{"line":32,"column":null}},"5":{"start":{"line":24,"column":20},"end":{"line":24,"column":56}},"6":{"start":{"line":25,"column":4},"end":{"line":25,"column":null}},"7":{"start":{"line":26,"column":4},"end":{"line":26,"column":null}},"8":{"start":{"line":28,"column":4},"end":{"line":30,"column":null}},"9":{"start":{"line":29,"column":6},"end":{"line":29,"column":null}},"10":{"start":{"line":31,"column":4},"end":{"line":31,"column":null}},"11":{"start":{"line":40,"column":21},"end":{"line":40,"column":46}},"12":{"start":{"line":41,"column":2},"end":{"line":43,"column":null}},"13":{"start":{"line":42,"column":4},"end":{"line":42,"column":null}},"14":{"start":{"line":45,"column":16},"end":{"line":45,"column":35}},"15":{"start":{"line":46,"column":2},"end":{"line":51,"column":null}},"16":{"start":{"line":47,"column":20},"end":{"line":47,"column":56}},"17":{"start":{"line":48,"column":4},"end":{"line":48,"column":null}},"18":{"start":{"line":52,"column":2},"end":{"line":52,"column":null}},"19":{"start":{"line":61,"column":2},"end":{"line":61,"column":null}}},"fnMap":{"0":{"name":"requireAuth","decl":{"start":{"line":16,"column":16},"end":{"line":16,"column":27}},"loc":{"start":{"line":16,"column":44},"end":{"line":33,"column":null}},"line":16},"1":{"name":"optionalAuth","decl":{"start":{"line":39,"column":16},"end":{"line":39,"column":28}},"loc":{"start":{"line":39,"column":45},"end":{"line":53,"column":null}},"line":39},"2":{"name":"signToken","decl":{"start":{"line":60,"column":16},"end":{"line":60,"column":25}},"loc":{"start":{"line":60,"column":35},"end":{"line":62,"column":null}},"line":60}},"branchMap":{"0":{"loc":{"start":{"line":18,"column":2},"end":{"line":20,"column":null}},"type":"if","locations":[{"start":{"line":18,"column":2},"end":{"line":20,"column":null}},{"start":{},"end":{}}],"line":18},"1":{"loc":{"start":{"line":18,"column":6},"end":{"line":18,"column":54}},"type":"binary-expr","locations":[{"start":{"line":18,"column":6},"end":{"line":18,"column":17}},{"start":{"line":18,"column":21},"end":{"line":18,"column":54}}],"line":18},"2":{"loc":{"start":{"line":28,"column":4},"end":{"line":30,"column":null}},"type":"if","locations":[{"start":{"line":28,"column":4},"end":{"line":30,"column":null}},{"start":{},"end":{}}],"line":28},"3":{"loc":{"start":{"line":41,"column":2},"end":{"line":43,"column":null}},"type":"if","locations":[{"start":{"line":41,"column":2},"end":{"line":43,"column":null}},{"start":{},"end":{}}],"line":41},"4":{"loc":{"start":{"line":41,"column":6},"end":{"line":41,"column":54}},"type":"binary-expr","locations":[{"start":{"line":41,"column":6},"end":{"line":41,"column":17}},{"start":{"line":41,"column":21},"end":{"line":41,"column":54}}],"line":41}},"s":{"0":7,"1":7,"2":3,"3":4,"4":4,"5":4,"6":4,"7":4,"8":2,"9":1,"10":1,"11":4,"12":4,"13":2,"14":2,"15":2,"16":2,"17":2,"18":2,"19":7},"f":{"0":7,"1":4,"2":7},"b":{"0":[3,4],"1":[7,5],"2":[1,1],"3":[2,2],"4":[4,2]},"meta":{"lastBranch":5,"lastFunction":3,"lastStatement":20,"seen":{"f:16:16:16:27":0,"s:17:21:17:46":0,"b:18:2:20:Infinity:undefined:undefined:undefined:undefined":0,"s:18:2:20:Infinity":1,"b:18:6:18:17:18:21:18:54":1,"s:19:4:19:Infinity":2,"s:22:16:22:35":3,"s:23:2:32:Infinity":4,"s:24:20:24:56":5,"s:25:4:25:Infinity":6,"s:26:4:26:Infinity":7,"b:28:4:30:Infinity:undefined:undefined:undefined:undefined":2,"s:28:4:30:Infinity":8,"s:29:6:29:Infinity":9,"s:31:4:31:Infinity":10,"f:39:16:39:28":1,"s:40:21:40:46":11,"b:41:2:43:Infinity:undefined:undefined:undefined:undefined":3,"s:41:2:43:Infinity":12,"b:41:6:41:17:41:21:41:54":4,"s:42:4:42:Infinity":13,"s:45:16:45:35":14,"s:46:2:51:Infinity":15,"s:47:20:47:56":16,"s:48:4:48:Infinity":17,"s:52:2:52:Infinity":18,"f:60:16:60:25":2,"s:61:2:61:Infinity":19},"fnNames":{}}}
,"C:\\Users\\trendaryo\\Desktop\\hunting app\\backend\\middleware\\errorHandler.js": {"path":"C:\\Users\\trendaryo\\Desktop\\hunting app\\backend\\middleware\\errorHandler.js","statementMap":{"0":{"start":{"line":17,"column":2},"end":{"line":27,"column":null}},"1":{"start":{"line":18,"column":21},"end":{"line":24,"column":5}},"2":{"start":{"line":25,"column":4},"end":{"line":25,"column":null}},"3":{"start":{"line":25,"column":20},"end":{"line":25,"column":null}},"4":{"start":{"line":26,"column":4},"end":{"line":26,"column":null}},"5":{"start":{"line":30,"column":21},"end":{"line":30,"column":42}},"6":{"start":{"line":31,"column":18},"end":{"line":31,"column":99}},"7":{"start":{"line":34,"column":2},"end":{"line":34,"column":null}},"8":{"start":{"line":35,"column":2},"end":{"line":37,"column":null}},"9":{"start":{"line":36,"column":4},"end":{"line":36,"column":null}},"10":{"start":{"line":39,"column":19},"end":{"line":45,"column":3}},"11":{"start":{"line":48,"column":2},"end":{"line":50,"column":null}},"12":{"start":{"line":49,"column":4},"end":{"line":49,"column":null}},"13":{"start":{"line":52,"column":2},"end":{"line":52,"column":null}},"14":{"start":{"line":59,"column":2},"end":{"line":65,"column":null}}},"fnMap":{"0":{"name":"errorHandler","decl":{"start":{"line":15,"column":16},"end":{"line":15,"column":28}},"loc":{"start":{"line":15,"column":51},"end":{"line":53,"column":null}},"line":15},"1":{"name":"notFoundHandler","decl":{"start":{"line":58,"column":16},"end":{"line":58,"column":31}},"loc":{"start":{"line":58,"column":42},"end":{"line":66,"column":null}},"line":58}},"branchMap":{"0":{"loc":{"start":{"line":17,"column":2},"end":{"line":27,"column":null}},"type":"if","locations":[{"start":{"line":17,"column":2},"end":{"line":27,"column":null}},{"start":{},"end":{}}],"line":17},"1":{"loc":{"start":{"line":25,"column":4},"end":{"line":25,"column":null}},"type":"if","locations":[{"start":{"line":25,"column":4},"end":{"line":25,"column":null}},{"start":{},"end":{}}],"line":25},"2":{"loc":{"start":{"line":30,"column":21},"end":{"line":30,"column":42}},"type":"binary-expr","locations":[{"start":{"line":30,"column":21},"end":{"line":30,"column":35}},{"start":{"line":30,"column":39},"end":{"line":30,"column":42}}],"line":30},"3":{"loc":{"start":{"line":31,"column":18},"end":{"line":31,"column":99}},"type":"cond-expr","locations":[{"start":{"line":31,"column":34},"end":{"line":31,"column":72}},{"start":{"line":31,"column":76},"end":{"line":31,"column":99}}],"line":31},"4":{"loc":{"start":{"line":31,"column":34},"end":{"line":31,"column":72}},"type":"binary-expr","locations":[{"start":{"line":31,"column":34},"end":{"line":31,"column":45}},{"start":{"line":31,"column":49},"end":{"line":31,"column":72}}],"line":31},"5":{"loc":{"start":{"line":35,"column":2},"end":{"line":37,"column":null}},"type":"if","locations":[{"start":{"line":35,"column":2},"end":{"line":37,"column":null}},{"start":{},"end":{}}],"line":35},"6":{"loc":{"start":{"line":48,"column":2},"end":{"line":50,"column":null}},"type":"if","locations":[{"start":{"line":48,"column":2},"end":{"line":50,"column":null}},{"start":{},"end":{}}],"line":48}},"s":{"0":0,"1":0,"2":0,"3":0,"4":0,"5":0,"6":0,"7":0,"8":0,"9":0,"10":0,"11":0,"12":0,"13":0,"14":0},"f":{"0":0,"1":0},"b":{"0":[0,0],"1":[0,0],"2":[0,0],"3":[0,0],"4":[0,0],"5":[0,0],"6":[0,0]},"meta":{"lastBranch":7,"lastFunction":2,"lastStatement":15,"seen":{"f:15:16:15:28":0,"b:17:2:27:Infinity:undefined:undefined:undefined:undefined":0,"s:17:2:27:Infinity":0,"s:18:21:24:5":1,"b:25:4:25:Infinity:undefined:undefined:undefined:undefined":1,"s:25:4:25:Infinity":2,"s:25:20:25:Infinity":3,"s:26:4:26:Infinity":4,"s:30:21:30:42":5,"b:30:21:30:35:30:39:30:42":2,"s:31:18:31:99":6,"b:31:34:31:72:31:76:31:99":3,"b:31:34:31:45:31:49:31:72":4,"s:34:2:34:Infinity":7,"b:35:2:37:Infinity:undefined:undefined:undefined:undefined":5,"s:35:2:37:Infinity":8,"s:36:4:36:Infinity":9,"s:39:19:45:3":10,"b:48:2:50:Infinity:undefined:undefined:undefined:undefined":6,"s:48:2:50:Infinity":11,"s:49:4:49:Infinity":12,"s:52:2:52:Infinity":13,"f:58:16:58:31":1,"s:59:2:65:Infinity":14},"fnNames":{}}}
,"C:\\Users\\trendaryo\\Desktop\\hunting app\\backend\\middleware\\logger.js": {"path":"C:\\Users\\trendaryo\\Desktop\\hunting app\\backend\\middleware\\logger.js","statementMap":{"0":{"start":{"line":10,"column":34},"end":{"line":10,"column":38}},"1":{"start":{"line":17,"column":16},"end":{"line":17,"column":26}},"2":{"start":{"line":18,"column":27},"end":{"line":18,"column":30}},"3":{"start":{"line":21,"column":22},"end":{"line":21,"column":29}},"4":{"start":{"line":22,"column":2},"end":{"line":41,"column":null}},"5":{"start":{"line":23,"column":21},"end":{"line":23,"column":39}},"6":{"start":{"line":24,"column":19},"end":{"line":24,"column":33}},"7":{"start":{"line":25,"column":18},"end":{"line":25,"column":75}},"8":{"start":{"line":28,"column":4},"end":{"line":38,"column":null}},"9":{"start":{"line":29,"column":20},"end":{"line":29,"column":101}},"10":{"start":{"line":30,"column":21},"end":{"line":30,"column":52}},"11":{"start":{"line":31,"column":19},"end":{"line":31,"column":63}},"12":{"start":{"line":32,"column":6},"end":{"line":32,"column":null}},"13":{"start":{"line":35,"column":6},"end":{"line":37,"column":null}},"14":{"start":{"line":36,"column":8},"end":{"line":36,"column":null}},"15":{"start":{"line":40,"column":4},"end":{"line":40,"column":null}},"16":{"start":{"line":43,"column":2},"end":{"line":43,"column":null}}},"fnMap":{"0":{"name":"requestLogger","decl":{"start":{"line":16,"column":16},"end":{"line":16,"column":29}},"loc":{"start":{"line":16,"column":46},"end":{"line":44,"column":null}},"line":16},"1":{"name":"(anonymous_1)","decl":{"start":{"line":22,"column":12},"end":{"line":22,"column":20}},"loc":{"start":{"line":22,"column":31},"end":{"line":41,"column":3}},"line":22}},"branchMap":{"0":{"loc":{"start":{"line":25,"column":18},"end":{"line":25,"column":75}},"type":"cond-expr","locations":[{"start":{"line":25,"column":34},"end":{"line":25,"column":41}},{"start":{"line":25,"column":44},"end":{"line":25,"column":75}}],"line":25},"1":{"loc":{"start":{"line":25,"column":44},"end":{"line":25,"column":75}},"type":"cond-expr","locations":[{"start":{"line":25,"column":60},"end":{"line":25,"column":66}},{"start":{"line":25,"column":69},"end":{"line":25,"column":75}}],"line":25},"2":{"loc":{"start":{"line":28,"column":4},"end":{"line":38,"column":null}},"type":"if","locations":[{"start":{"line":28,"column":4},"end":{"line":38,"column":null}},{"start":{},"end":{}}],"line":28},"3":{"loc":{"start":{"line":28,"column":8},"end":{"line":28,"column":46}},"type":"binary-expr","locations":[{"start":{"line":28,"column":8},"end":{"line":28,"column":30}},{"start":{"line":28,"column":34},"end":{"line":28,"column":46}}],"line":28},"4":{"loc":{"start":{"line":29,"column":20},"end":{"line":29,"column":101}},"type":"cond-expr","locations":[{"start":{"line":29,"column":40},"end":{"line":29,"column":53}},{"start":{"line":29,"column":56},"end":{"line":29,"column":101}}],"line":29},"5":{"loc":{"start":{"line":29,"column":56},"end":{"line":29,"column":101}},"type":"cond-expr","locations":[{"start":{"line":29,"column":75},"end":{"line":29,"column":87}},{"start":{"line":29,"column":90},"end":{"line":29,"column":101}}],"line":29},"6":{"loc":{"start":{"line":31,"column":19},"end":{"line":31,"column":63}},"type":"cond-expr","locations":[{"start":{"line":31,"column":35},"end":{"line":31,"column":58}},{"start":{"line":31,"column":61},"end":{"line":31,"column":63}}],"line":31},"7":{"loc":{"start":{"line":35,"column":6},"end":{"line":37,"column":null}},"type":"if","locations":[{"start":{"line":35,"column":6},"end":{"line":37,"column":null}},{"start":{},"end":{}}],"line":35}},"s":{"0":0,"1":0,"2":0,"3":0,"4":0,"5":0,"6":0,"7":0,"8":0,"9":0,"10":0,"11":0,"12":0,"13":0,"14":0,"15":0,"16":0},"f":{"0":0,"1":0},"b":{"0":[0,0],"1":[0,0],"2":[0,0],"3":[0,0],"4":[0,0],"5":[0,0],"6":[0,0],"7":[0,0]},"meta":{"lastBranch":8,"lastFunction":2,"lastStatement":17,"seen":{"s:10:34:10:38":0,"f:16:16:16:29":0,"s:17:16:17:26":1,"s:18:27:18:30":2,"s:21:22:21:29":3,"s:22:2:41:Infinity":4,"f:22:12:22:20":1,"s:23:21:23:39":5,"s:24:19:24:33":6,"s:25:18:25:75":7,"b:25:34:25:41:25:44:25:75":0,"b:25:60:25:66:25:69:25:75":1,"b:28:4:38:Infinity:undefined:undefined:undefined:undefined":2,"s:28:4:38:Infinity":8,"b:28:8:28:30:28:34:28:46":3,"s:29:20:29:101":9,"b:29:40:29:53:29:56:29:101":4,"b:29:75:29:87:29:90:29:101":5,"s:30:21:30:52":10,"s:31:19:31:63":11,"b:31:35:31:58:31:61:31:63":6,"s:32:6:32:Infinity":12,"b:35:6:37:Infinity:undefined:undefined:undefined:undefined":7,"s:35:6:37:Infinity":13,"s:36:8:36:Infinity":14,"s:40:4:40:Infinity":15,"s:43:2:43:Infinity":16},"fnNames":{}}}
,"C:\\Users\\trendaryo\\Desktop\\hunting app\\backend\\middleware\\rateLimit.js": {"path":"C:\\Users\\trendaryo\\Desktop\\hunting app\\backend\\middleware\\rateLimit.js","statementMap":{"0":{"start":{"line":12,"column":15},"end":{"line":20,"column":1}},"1":{"start":{"line":23,"column":17},"end":{"line":23,"column":19}},"2":{"start":{"line":24,"column":0},"end":{"line":26,"column":null}},"3":{"start":{"line":25,"column":2},"end":{"line":25,"column":null}},"4":{"start":{"line":34,"column":2},"end":{"line":56,"column":null}},"5":{"start":{"line":35,"column":16},"end":{"line":35,"column":71}},"6":{"start":{"line":36,"column":20},"end":{"line":36,"column":58}},"7":{"start":{"line":38,"column":4},"end":{"line":48,"column":null}},"8":{"start":{"line":39,"column":21},"end":{"line":39,"column":55}},"9":{"start":{"line":40,"column":25},"end":{"line":40,"column":58}},"10":{"start":{"line":42,"column":6},"end":{"line":42,"column":null}},"11":{"start":{"line":43,"column":6},"end":{"line":43,"column":null}},"12":{"start":{"line":44,"column":6},"end":{"line":44,"column":null}},"13":{"start":{"line":45,"column":6},"end":{"line":45,"column":null}},"14":{"start":{"line":47,"column":6},"end":{"line":47,"column":null}},"15":{"start":{"line":51,"column":19},"end":{"line":51,"column":53}},"16":{"start":{"line":52,"column":4},"end":{"line":52,"column":null}},"17":{"start":{"line":53,"column":4},"end":{"line":53,"column":null}},"18":{"start":{"line":55,"column":4},"end":{"line":55,"column":null}}},"fnMap":{"0":{"name":"rateLimit","decl":{"start":{"line":33,"column":16},"end":{"line":33,"column":25}},"loc":{"start":{"line":33,"column":48},"end":{"line":57,"column":null}},"line":33},"1":{"name":"(anonymous_1)","decl":{"start":{"line":34,"column":9},"end":{"line":34,"column":10}},"loc":{"start":{"line":34,"column":29},"end":{"line":56,"column":3}},"line":34}},"branchMap":{"0":{"loc":{"start":{"line":33,"column":26},"end":{"line":33,"column":46}},"type":"default-arg","locations":[{"start":{"line":33,"column":37},"end":{"line":33,"column":46}}],"line":33},"1":{"loc":{"start":{"line":35,"column":17},"end":{"line":35,"column":53}},"type":"binary-expr","locations":[{"start":{"line":35,"column":17},"end":{"line":35,"column":30}},{"start":{"line":35,"column":34},"end":{"line":35,"column":40}},{"start":{"line":35,"column":44},"end":{"line":35,"column":53}}],"line":35},"2":{"loc":{"start":{"line":36,"column":20},"end":{"line":36,"column":58}},"type":"binary-expr","locations":[{"start":{"line":36,"column":20},"end":{"line":36,"column":38}},{"start":{"line":36,"column":42},"end":{"line":36,"column":58}}],"line":36},"3":{"loc":{"start":{"line":38,"column":4},"end":{"line":48,"column":null}},"type":"if","locations":[{"start":{"line":38,"column":4},"end":{"line":48,"column":null}},{"start":{},"end":{}}],"line":38},"4":{"loc":{"start":{"line":39,"column":21},"end":{"line":39,"column":55}},"type":"binary-expr","locations":[{"start":{"line":39,"column":21},"end":{"line":39,"column":37}},{"start":{"line":39,"column":41},"end":{"line":39,"column":55}}],"line":39},"5":{"loc":{"start":{"line":51,"column":19},"end":{"line":51,"column":53}},"type":"binary-expr","locations":[{"start":{"line":51,"column":19},"end":{"line":51,"column":35}},{"start":{"line":51,"column":39},"end":{"line":51,"column":53}}],"line":51}},"s":{"0":1,"1":1,"2":1,"3":7,"4":5,"5":35,"6":35,"7":35,"8":4,"9":4,"10":4,"11":4,"12":4,"13":4,"14":4,"15":31,"16":35,"17":35,"18":35},"f":{"0":5,"1":35},"b":{"0":[5],"1":[35,24,0],"2":[35,0],"3":[4,31],"4":[4,0],"5":[31,0]},"meta":{"lastBranch":6,"lastFunction":2,"lastStatement":19,"seen":{"s:12:15:20:1":0,"s:23:17:23:19":1,"s:24:0:26:Infinity":2,"s:25:2:25:Infinity":3,"f:33:16:33:25":0,"b:33:37:33:46":0,"s:34:2:56:Infinity":4,"f:34:9:34:10":1,"s:35:16:35:71":5,"b:35:17:35:30:35:34:35:40:35:44:35:53":1,"s:36:20:36:58":6,"b:36:20:36:38:36:42:36:58":2,"b:38:4:48:Infinity:undefined:undefined:undefined:undefined":3,"s:38:4:48:Infinity":7,"s:39:21:39:55":8,"b:39:21:39:37:39:41:39:55":4,"s:40:25:40:58":9,"s:42:6:42:Infinity":10,"s:43:6:43:Infinity":11,"s:44:6:44:Infinity":12,"s:45:6:45:Infinity":13,"s:47:6:47:Infinity":14,"s:51:19:51:53":15,"b:51:19:51:35:51:39:51:53":5,"s:52:4:52:Infinity":16,"s:53:4:53:Infinity":17,"s:55:4:55:Infinity":18},"fnNames":{}}}
,"C:\\Users\\trendaryo\\Desktop\\hunting app\\backend\\middleware\\validate.js": {"path":"C:\\Users\\trendaryo\\Desktop\\hunting app\\backend\\middleware\\validate.js","statementMap":{"0":{"start":{"line":17,"column":2},"end":{"line":109,"column":null}},"1":{"start":{"line":18,"column":19},"end":{"line":18,"column":21}},"2":{"start":{"line":19,"column":17},"end":{"line":19,"column":31}},"3":{"start":{"line":21,"column":4},"end":{"line":102,"column":null}},"4":{"start":{"line":22,"column":20},"end":{"line":22,"column":31}},"5":{"start":{"line":25,"column":6},"end":{"line":28,"column":null}},"6":{"start":{"line":26,"column":8},"end":{"line":26,"column":null}},"7":{"start":{"line":27,"column":8},"end":{"line":27,"column":null}},"8":{"start":{"line":31,"column":6},"end":{"line":31,"column":null}},"9":{"start":{"line":31,"column":49},"end":{"line":31,"column":null}},"10":{"start":{"line":34,"column":6},"end":{"line":67,"column":null}},"11":{"start":{"line":35,"column":8},"end":{"line":66,"column":null}},"12":{"start":{"line":37,"column":12},"end":{"line":40,"column":null}},"13":{"start":{"line":38,"column":14},"end":{"line":38,"column":null}},"14":{"start":{"line":39,"column":14},"end":{"line":39,"column":null}},"15":{"start":{"line":41,"column":12},"end":{"line":41,"column":null}},"16":{"start":{"line":43,"column":12},"end":{"line":46,"column":null}},"17":{"start":{"line":44,"column":14},"end":{"line":44,"column":null}},"18":{"start":{"line":45,"column":14},"end":{"line":45,"column":null}},"19":{"start":{"line":47,"column":12},"end":{"line":47,"column":null}},"20":{"start":{"line":49,"column":12},"end":{"line":52,"column":null}},"21":{"start":{"line":50,"column":14},"end":{"line":50,"column":null}},"22":{"start":{"line":51,"column":14},"end":{"line":51,"column":null}},"23":{"start":{"line":53,"column":12},"end":{"line":53,"column":null}},"24":{"start":{"line":55,"column":12},"end":{"line":58,"column":null}},"25":{"start":{"line":56,"column":14},"end":{"line":56,"column":null}},"26":{"start":{"line":57,"column":14},"end":{"line":57,"column":null}},"27":{"start":{"line":59,"column":12},"end":{"line":59,"column":null}},"28":{"start":{"line":61,"column":12},"end":{"line":64,"column":null}},"29":{"start":{"line":62,"column":14},"end":{"line":62,"column":null}},"30":{"start":{"line":63,"column":14},"end":{"line":63,"column":null}},"31":{"start":{"line":65,"column":12},"end":{"line":65,"column":null}},"32":{"start":{"line":70,"column":6},"end":{"line":72,"column":null}},"33":{"start":{"line":71,"column":8},"end":{"line":71,"column":null}},"34":{"start":{"line":73,"column":6},"end":{"line":75,"column":null}},"35":{"start":{"line":74,"column":8},"end":{"line":74,"column":null}},"36":{"start":{"line":78,"column":6},"end":{"line":80,"column":null}},"37":{"start":{"line":79,"column":8},"end":{"line":79,"column":null}},"38":{"start":{"line":81,"column":6},"end":{"line":83,"column":null}},"39":{"start":{"line":82,"column":8},"end":{"line":82,"column":null}},"40":{"start":{"line":86,"column":6},"end":{"line":88,"column":null}},"41":{"start":{"line":87,"column":8},"end":{"line":87,"column":null}},"42":{"start":{"line":91,"column":6},"end":{"line":93,"column":null}},"43":{"start":{"line":92,"column":8},"end":{"line":92,"column":null}},"44":{"start":{"line":96,"column":6},"end":{"line":101,"column":null}},"45":{"start":{"line":97,"column":28},"end":{"line":97,"column":49}},"46":{"start":{"line":98,"column":8},"end":{"line":100,"column":null}},"47":{"start":{"line":99,"column":10},"end":{"line":99,"column":null}},"48":{"start":{"line":104,"column":4},"end":{"line":106,"column":null}},"49":{"start":{"line":105,"column":6},"end":{"line":105,"column":null}},"50":{"start":{"line":108,"column":4},"end":{"line":108,"column":null}},"51":{"start":{"line":117,"column":2},"end":{"line":120,"column":null}},"52":{"start":{"line":118,"column":4},"end":{"line":118,"column":null}},"53":{"start":{"line":119,"column":4},"end":{"line":119,"column":null}},"54":{"start":{"line":129,"column":2},"end":{"line":138,"column":null}},"55":{"start":{"line":131,"column":4},"end":{"line":135,"column":null}},"56":{"start":{"line":132,"column":6},"end":{"line":134,"column":null}},"57":{"start":{"line":133,"column":8},"end":{"line":133,"column":null}},"58":{"start":{"line":136,"column":4},"end":{"line":136,"column":25}},"59":{"start":{"line":137,"column":4},"end":{"line":137,"column":null}}},"fnMap":{"0":{"name":"validate","decl":{"start":{"line":16,"column":16},"end":{"line":16,"column":24}},"loc":{"start":{"line":16,"column":33},"end":{"line":110,"column":null}},"line":16},"1":{"name":"(anonymous_1)","decl":{"start":{"line":17,"column":9},"end":{"line":17,"column":10}},"loc":{"start":{"line":17,"column":29},"end":{"line":109,"column":3}},"line":17},"2":{"name":"validateBody","decl":{"start":{"line":116,"column":16},"end":{"line":116,"column":28}},"loc":{"start":{"line":116,"column":37},"end":{"line":121,"column":null}},"line":116},"3":{"name":"(anonymous_3)","decl":{"start":{"line":117,"column":9},"end":{"line":117,"column":10}},"loc":{"start":{"line":117,"column":29},"end":{"line":120,"column":3}},"line":117},"4":{"name":"validateQuery","decl":{"start":{"line":128,"column":16},"end":{"line":128,"column":29}},"loc":{"start":{"line":128,"column":38},"end":{"line":139,"column":null}},"line":128},"5":{"name":"(anonymous_5)","decl":{"start":{"line":129,"column":9},"end":{"line":129,"column":10}},"loc":{"start":{"line":129,"column":29},"end":{"line":138,"column":3}},"line":129}},"branchMap":{"0":{"loc":{"start":{"line":19,"column":17},"end":{"line":19,"column":31}},"type":"binary-expr","locations":[{"start":{"line":19,"column":17},"end":{"line":19,"column":25}},{"start":{"line":19,"column":29},"end":{"line":19,"column":31}}],"line":19},"1":{"loc":{"start":{"line":25,"column":6},"end":{"line":28,"column":null}},"type":"if","locations":[{"start":{"line":25,"column":6},"end":{"line":28,"column":null}},{"start":{},"end":{}}],"line":25},"2":{"loc":{"start":{"line":25,"column":10},"end":{"line":25,"column":83}},"type":"binary-expr","locations":[{"start":{"line":25,"column":10},"end":{"line":25,"column":24}},{"start":{"line":25,"column":29},"end":{"line":25,"column":48}},{"start":{"line":25,"column":52},"end":{"line":25,"column":66}},{"start":{"line":25,"column":70},"end":{"line":25,"column":82}}],"line":25},"3":{"loc":{"start":{"line":31,"column":6},"end":{"line":31,"column":null}},"type":"if","locations":[{"start":{"line":31,"column":6},"end":{"line":31,"column":null}},{"start":{},"end":{}}],"line":31},"4":{"loc":{"start":{"line":31,"column":10},"end":{"line":31,"column":47}},"type":"binary-expr","locations":[{"start":{"line":31,"column":10},"end":{"line":31,"column":29}},{"start":{"line":31,"column":33},"end":{"line":31,"column":47}}],"line":31},"5":{"loc":{"start":{"line":34,"column":6},"end":{"line":67,"column":null}},"type":"if","locations":[{"start":{"line":34,"column":6},"end":{"line":67,"column":null}},{"start":{},"end":{}}],"line":34},"6":{"loc":{"start":{"line":35,"column":8},"end":{"line":66,"column":null}},"type":"switch","locations":[{"start":{"line":36,"column":10},"end":{"line":41,"column":null}},{"start":{"line":42,"column":10},"end":{"line":47,"column":null}},{"start":{"line":48,"column":10},"end":{"line":53,"column":null}},{"start":{"line":54,"column":10},"end":{"line":59,"column":null}},{"start":{"line":60,"column":10},"end":{"line":65,"column":null}}],"line":35},"7":{"loc":{"start":{"line":37,"column":12},"end":{"line":40,"column":null}},"type":"if","locations":[{"start":{"line":37,"column":12},"end":{"line":40,"column":null}},{"start":{},"end":{}}],"line":37},"8":{"loc":{"start":{"line":43,"column":12},"end":{"line":46,"column":null}},"type":"if","locations":[{"start":{"line":43,"column":12},"end":{"line":46,"column":null}},{"start":{},"end":{}}],"line":43},"9":{"loc":{"start":{"line":43,"column":16},"end":{"line":43,"column":64}},"type":"binary-expr","locations":[{"start":{"line":43,"column":16},"end":{"line":43,"column":41}},{"start":{"line":43,"column":45},"end":{"line":43,"column":64}}],"line":43},"10":{"loc":{"start":{"line":49,"column":12},"end":{"line":52,"column":null}},"type":"if","locations":[{"start":{"line":49,"column":12},"end":{"line":52,"column":null}},{"start":{},"end":{}}],"line":49},"11":{"loc":{"start":{"line":55,"column":12},"end":{"line":58,"column":null}},"type":"if","locations":[{"start":{"line":55,"column":12},"end":{"line":58,"column":null}},{"start":{},"end":{}}],"line":55},"12":{"loc":{"start":{"line":61,"column":12},"end":{"line":64,"column":null}},"type":"if","locations":[{"start":{"line":61,"column":12},"end":{"line":64,"column":null}},{"start":{},"end":{}}],"line":61},"13":{"loc":{"start":{"line":61,"column":16},"end":{"line":61,"column":65}},"type":"binary-expr","locations":[{"start":{"line":61,"column":16},"end":{"line":61,"column":41}},{"start":{"line":61,"column":45},"end":{"line":61,"column":65}}],"line":61},"14":{"loc":{"start":{"line":70,"column":6},"end":{"line":72,"column":null}},"type":"if","locations":[{"start":{"line":70,"column":6},"end":{"line":72,"column":null}},{"start":{},"end":{}}],"line":70},"15":{"loc":{"start":{"line":70,"column":10},"end":{"line":70,"column":90}},"type":"binary-expr","locations":[{"start":{"line":70,"column":10},"end":{"line":70,"column":33}},{"start":{"line":70,"column":37},"end":{"line":70,"column":62}},{"start":{"line":70,"column":66},"end":{"line":70,"column":90}}],"line":70},"16":{"loc":{"start":{"line":73,"column":6},"end":{"line":75,"c
[...]
n":null}}},"fnMap":{"0":{"name":"get","decl":{"start":{"line":20,"column":15},"end":{"line":20,"column":18}},"loc":{"start":{"line":20,"column":24},"end":{"line":22,"column":null}},"line":20},"1":{"name":"update","decl":{"start":{"line":30,"column":15},"end":{"line":30,"column":21}},"loc":{"start":{"line":30,"column":36},"end":{"line":69,"column":null}},"line":30},"2":{"name":"reset","decl":{"start":{"line":76,"column":15},"end":{"line":76,"column":20}},"loc":{"start":{"line":76,"column":26},"end":{"line":84,"column":null}},"line":76}},"branchMap":{"0":{"loc":{"start":{"line":34,"column":4},"end":{"line":39,"column":null}},"type":"if","locations":[{"start":{"line":34,"column":4},"end":{"line":39,"column":null}},{"start":{},"end":{}}],"line":34},"1":{"loc":{"start":{"line":35,"column":6},"end":{"line":37,"column":null}},"type":"if","locations":[{"start":{"line":35,"column":6},"end":{"line":37,"column":null}},{"start":{},"end":{}}],"line":35},"2":{"loc":{"start":{"line":41,"column":4},"end":{"line":46,"column":null}},"type":"if","locations":[{"start":{"line":41,"column":4},"end":{"line":46,"column":null}},{"start":{},"end":{}}],"line":41},"3":{"loc":{"start":{"line":42,"column":6},"end":{"line":44,"column":null}},"type":"if","locations":[{"start":{"line":42,"column":6},"end":{"line":44,"column":null}},{"start":{},"end":{}}],"line":42},"4":{"loc":{"start":{"line":48,"column":4},"end":{"line":53,"column":null}},"type":"if","locations":[{"start":{"line":48,"column":4},"end":{"line":53,"column":null}},{"start":{},"end":{}}],"line":48},"5":{"loc":{"start":{"line":49,"column":6},"end":{"line":51,"column":null}},"type":"if","locations":[{"start":{"line":49,"column":6},"end":{"line":51,"column":null}},{"start":{},"end":{}}],"line":49},"6":{"loc":{"start":{"line":55,"column":4},"end":{"line":57,"column":null}},"type":"if","locations":[{"start":{"line":55,"column":4},"end":{"line":57,"column":null}},{"start":{},"end":{}}],"line":55},"7":{"loc":{"start":{"line":59,"column":4},"end":{"line":61,"column":null}},"type":"if","locations":[{"start":{"line":59,"column":4},"end":{"line":61,"column":null}},{"start":{},"end":{}}],"line":59},"8":{"loc":{"start":{"line":63,"column":4},"end":{"line":65,"column":null}},"type":"if","locations":[{"start":{"line":63,"column":4},"end":{"line":65,"column":null}},{"start":{},"end":{}}],"line":63}},"s":{"0":1,"1":1,"2":1,"3":0,"4":0,"5":0,"6":0,"7":0,"8":0,"9":0,"10":0,"11":0,"12":0,"13":0,"14":0,"15":0,"16":0,"17":0,"18":0,"19":0,"20":0,"21":0,"22":0,"23":0,"24":0,"25":0},"f":{"0":1,"1":1,"2":1},"b":{"0":[0,0],"1":[0,0],"2":[0,0],"3":[0,0],"4":[0,0],"5":[0,0],"6":[0,0],"7":[0,0],"8":[0,0]},"meta":{"lastBranch":9,"lastFunction":3,"lastStatement":26,"seen":{"s:10:21:10:38":0,"s:11:24:11:136":1,"s:12:25:12:60":2,"f:20:15:20:18":0,"s:21:4:21:Infinity":3,"f:30:15:30:21":1,"s:32:27:32:29":4,"b:34:4:39:Infinity:undefined:undefined:undefined:undefined":0,"s:34:4:39:Infinity":5,"b:35:6:37:Infinity:undefined:undefined:undefined:undefined":1,"s:35:6:37:Infinity":6,"s:36:8:36:Infinity":7,"s:38:6:38:Infinity":8,"b:41:4:46:Infinity:undefined:undefined:undefined:undefined":2,"s:41:4:46:Infinity":9,"b:42:6:44:Infinity:undefined:undefined:undefined:undefined":3,"s:42:6:44:Infinity":10,"s:43:8:43:Infinity":11,"s:45:6:45:Infinity":12,"b:48:4:53:Infinity:undefined:undefined:undefined:undefined":4,"s:48:4:53:Infinity":13,"b:49:6:51:Infinity:undefined:undefined:undefined:undefined":5,"s:49:6:51:Infinity":14,"s:50:8:50:Infinity":15,"s:52:6:52:Infinity":16,"b:55:4:57:Infinity:undefined:undefined:undefined:undefined":6,"s:55:4:57:Infinity":17,"s:56:6:56:Infinity":18,"b:59:4:61:Infinity:undefined:undefined:undefined:undefined":7,"s:59:4:61:Infinity":19,"s:60:6:60:Infinity":20,"b:63:4:65:Infinity:undefined:undefined:undefined:undefined":8,"s:63:4:65:Infinity":21,"s:64:6:64:Infinity":22,"s:67:17:67:63":23,"s:68:4:68:Infinity":24,"f:76:15:76:20":2,"s:77:4:83:Infinity":25},"fnNames":{}}}
,"C:\\Users\\trendaryo\\Desktop\\hunting app\\backend\\services\\index.js": {"path":"C:\\Users\\trendaryo\\Desktop\\hunting app\\backend\\services\\index.js","statementMap":{},"fnMap":{},"branchMap":{},"s":{},"f":{},"b":{},"meta":{"lastBranch":0,"lastFunction":0,"lastStatement":0,"seen":{},"fnNames":{}}}
,"C:\\Users\\trendaryo\\Desktop\\hunting app\\backend\\utils\\errors.js": {"path":"C:\\Users\\trendaryo\\Desktop\\hunting app\\backend\\utils\\errors.js","statementMap":{"0":{"start":{"line":12,"column":4},"end":{"line":12,"column":null}},"1":{"start":{"line":13,"column":4},"end":{"line":13,"column":null}},"2":{"start":{"line":14,"column":4},"end":{"line":14,"column":null}},"3":{"start":{"line":15,"column":4},"end":{"line":15,"column":null}},"4":{"start":{"line":16,"column":4},"end":{"line":16,"column":null}},"5":{"start":{"line":17,"column":4},"end":{"line":17,"column":null}},"6":{"start":{"line":23,"column":4},"end":{"line":23,"column":null}},"7":{"start":{"line":29,"column":4},"end":{"line":29,"column":null}},"8":{"start":{"line":35,"column":4},"end":{"line":35,"column":null}},"9":{"start":{"line":41,"column":4},"end":{"line":41,"column":null}},"10":{"start":{"line":47,"column":4},"end":{"line":47,"column":null}},"11":{"start":{"line":53,"column":4},"end":{"line":53,"column":null}},"12":{"start":{"line":54,"column":4},"end":{"line":54,"column":null}},"13":{"start":{"line":60,"column":4},"end":{"line":60,"column":null}},"14":{"start":{"line":66,"column":4},"end":{"line":66,"column":null}}},"fnMap":{"0":{"name":"constructor","decl":{"start":{"line":11,"column":2},"end":{"line":11,"column":13}},"loc":{"start":{"line":11,"column":66},"end":{"line":18,"column":null}},"line":11},"1":{"name":"constructor_2","decl":{"start":{"line":22,"column":2},"end":{"line":22,"column":13}},"loc":{"start":{"line":22,"column":39},"end":{"line":24,"column":null}},"line":22},"2":{"name":"constructor_3","decl":{"start":{"line":28,"column":2},"end":{"line":28,"column":13}},"loc":{"start":{"line":28,"column":40},"end":{"line":30,"column":null}},"line":28},"3":{"name":"constructor_4","decl":{"start":{"line":34,"column":2},"end":{"line":34,"column":13}},"loc":{"start":{"line":34,"column":37},"end":{"line":36,"column":null}},"line":34},"4":{"name":"constructor_5","decl":{"start":{"line":40,"column":2},"end":{"line":40,"column":13}},"loc":{"start":{"line":40,"column":46},"end":{"line":42,"column":null}},"line":40},"5":{"name":"constructor_6","decl":{"start":{"line":46,"column":2},"end":{"line":46,"column":13}},"loc":{"start":{"line":46,"column":51},"end":{"line":48,"column":null}},"line":46},"6":{"name":"constructor_7","decl":{"start":{"line":52,"column":2},"end":{"line":52,"column":13}},"loc":{"start":{"line":52,"column":58},"end":{"line":55,"column":null}},"line":52},"7":{"name":"constructor_8","decl":{"start":{"line":59,"column":2},"end":{"line":59,"column":13}},"loc":{"start":{"line":59,"column":45},"end":{"line":61,"column":null}},"line":59},"8":{"name":"constructor_9","decl":{"start":{"line":65,"column":2},"end":{"line":65,"column":13}},"loc":{"start":{"line":65,"column":47},"end":{"line":67,"column":null}},"line":65}},"branchMap":{"0":{"loc":{"start":{"line":11,"column":23},"end":{"line":11,"column":39}},"type":"default-arg","locations":[{"start":{"line":11,"column":36},"end":{"line":11,"column":39}}],"line":11},"1":{"loc":{"start":{"line":11,"column":41},"end":{"line":11,"column":64}},"type":"default-arg","locations":[{"start":{"line":11,"column":48},"end":{"line":11,"column":64}}],"line":11},"2":{"loc":{"start":{"line":12,"column":10},"end":{"line":12,"column":44}},"type":"binary-expr","locations":[{"start":{"line":12,"column":10},"end":{"line":12,"column":17}},{"start":{"line":12,"column":21},"end":{"line":12,"column":44}}],"line":12},"3":{"loc":{"start":{"line":22,"column":14},"end":{"line":22,"column":37}},"type":"default-arg","locations":[{"start":{"line":22,"column":24},"end":{"line":22,"column":37}}],"line":22},"4":{"loc":{"start":{"line":28,"column":14},"end":{"line":28,"column":38}},"type":"default-arg","locations":[{"start":{"line":28,"column":24},"end":{"line":28,"column":38}}],"line":28},"5":{"loc":{"start":{"line":34,"column":14},"end":{"line":34,"column":35}},"type":"default-arg","locations":[{"start":{"line":34,"column":24},"end":{"line":34,"column":35}}],"line":34},"6":{"loc":{"start":{"line":40,"column":14},"end":{"line":40,"column":44}},"type":"default-arg","locations":[{"start":{"line":40,"column":24},"end":{"line":40,"column":44}}],"line":40},"7":{"loc":{"start":{"line":46,"column":14},"end":{"line":46,"column":49}},"type":"default-arg","locations":[{"start":{"line":46,"column":24},"end":{"line":46,"column":49}}],"line":46},"8":{"loc":{"start":{"line":52,"column":14},"end":{"line":52,"column":43}},"type":"default-arg","locations":[{"start":{"line":52,"column":24},"end":{"line":52,"column":43}}],"line":52},"9":{"loc":{"start":{"line":52,"column":45},"end":{"line":52,"column":56}},"type":"default-arg","locations":[{"start":{"line":52,"column":54},"end":{"line":52,"column":56}}],"line":52},"10":{"loc":{"start":{"line":59,"column":14},"end":{"line":59,"column":43}},"type":"default-arg","locations":[{"start":{"line":59,"column":24},"end":{"line":59,"column":43}}],"line":59},"11":{"loc":{"start":{"line":65,"column":14},"end":{"line":65,"column":45}},"type":"default-arg","locations":[{"start":{"line":65,"column":24},"end":{"line":65,"column":45}}],"line":65}},"s":{"0":39,"1":39,"2":39,"3":39,"4":39,"5":39,"6":3,"7":7,"8":1,"9":3,"10":1,"11":14,"12":14,"13":5,"14":1},"f":{"0":39,"1":3,"2":7,"3":1,"4":3,"5":1,"6":14,"7":5,"8":1},"b":{"0":[39],"1":[39],"2":[39,3],"3":[3],"4":[7],"5":[1],"6":[3],"7":[1],"8":[14],"9":[14],"10":[5],"11":[1]},"meta":{"lastBranch":12,"lastFunction":9,"lastStatement":15,"seen":{"f:11:2:11:13":0,"b:11:36:11:39":0,"b:11:48:11:64":1,"s:12:4:12:Infinity":0,"b:12:10:12:17:12:21:12:44":2,"s:13:4:13:Infinity":1,"s:14:4:14:Infinity":2,"s:15:4:15:Infinity":3,"s:16:4:16:Infinity":4,"s:17:4:17:Infinity":5,"f:22:2:22:13":1,"b:22:24:22:37":3,"s:23:4:23:Infinity":6,"f:28:2:28:13":2,"b:28:24:28:38":4,"s:29:4:29:Infinity":7,"f:34:2:34:13":3,"b:34:24:34:35":5,"s:35:4:35:Infinity":8,"f:40:2:40:13":4,"b:40:24:40:44":6,"s:41:4:41:Infinity":9,"f:46:2:46:13":5,"b:46:24:46:49":7,"s:47:4:47:Infinity":10,"f:52:2:52:13":6,"b:52:24:52:43":8,"b:52:54:52:56":9,"s:53:4:53:Infinity":11,"s:54:4:54:Infinity":12,"f:59:2:59:13":7,"b:59:24:59:43":10,"s:60:4:60:Infinity":13,"f:65:2:65:13":8,"b:65:24:65:45":11,"s:66:4:66:Infinity":14},"fnNames":{}}}
,"C:\\Users\\trendaryo\\Desktop\\hunting app\\backend\\utils\\helpers.js": {"path":"C:\\Users\\trendaryo\\Desktop\\hunting app\\backend\\utils\\helpers.js","statementMap":{"0":{"start":{"line":11,"column":16},"end":{"line":11,"column":80}},"1":{"start":{"line":12,"column":15},"end":{"line":12,"column":17}},"2":{"start":{"line":13,"column":2},"end":{"line":15,"column":null}},"3":{"start":{"line":13,"column":15},"end":{"line":13,"column":16}},"4":{"start":{"line":14,"column":4},"end":{"line":14,"column":null}},"5":{"start":{"line":16,"column":2},"end":{"line":16,"column":null}},"6":{"start":{"line":25,"column":2},"end":{"line":25,"column":null}},"7":{"start":{"line":25,"column":31},"end":{"line":25,"column":null}},"8":{"start":{"line":26,"column":2},"end":{"line":26,"column":null}},"9":{"start":{"line":36,"column":17},"end":{"line":36,"column":19}},"10":{"start":{"line":37,"column":2},"end":{"line":39,"column":null}},"11":{"start":{"line":38,"column":4},"end":{"line":38,"column":null}},"12":{"start":{"line":38,"column":32},"end":{"line":38,"column":null}},"13":{"start":{"line":40,"column":2},"end":{"line":40,"column":null}},"14":{"start":{"line":50,"column":17},"end":{"line":50,"column":27}},"15":{"start":{"line":51,"column":2},"end":{"line":53,"column":null}},"16":{"start":{"line":52,"column":4},"end":{"line":52,"column":null}},"17":{"start":{"line":54,"column":2},"end":{"line":54,"column":null}},"18":{"start":{"line":63,"column":2},"end":{"line":63,"column":null}},"19":{"start":{"line":72,"column":2},"end":{"line":72,"column":null}},"20":{"start":{"line":83,"column":16},"end":{"line":83,"column":26}},"21":{"start":{"line":84,"column":21},"end":{"line":84,"column":47}},"22":{"start":{"line":85,"column":16},"end":{"line":85,"column":36}},"23":{"start":{"line":86,"column":16},"end":{"line":86,"column":49}},"24":{"start":{"line":87,"column":2},"end":{"line":87,"column":null}},"25":{"start":{"line":98,"column":15},"end":{"line":98,"column":24}},"26":{"start":{"line":101,"column":18},"end":{"line":106,"column":14}},"27":{"start":{"line":102,"column":16},"end":{"line":102,"column":26}},"28":{"start":{"line":103,"column":4},"end":{"line":105,"column":null}},"29":{"start":{"line":104,"column":6},"end":{"line":104,"column":null}},"30":{"start":{"line":104,"column":40},"end":{"line":104,"column":null}},"31":{"start":{"line":107,"column":2},"end":{"line":107,"column":null}},"32":{"start":{"line":107,"column":21},"end":{"line":107,"column":null}},"33":{"start":{"line":109,"column":2},"end":{"line":123,"column":null}},"34":{"start":{"line":111,"column":18},"end":{"line":111,"column":28}},"35":{"start":{"line":112,"column":20},"end":{"line":112,"column":33}},"36":{"start":{"line":113,"column":6},"end":{"line":116,"column":null}},"37":{"start":{"line":114,"column":8},"end":{"line":114,"column":null}},"38":{"start":{"line":115,"column":8},"end":{"line":115,"column":null}},"39":{"start":{"line":117,"column":6},"end":{"line":117,"column":null}},"40":{"start":{"line":118,"column":6},"end":{"line":118,"column":null}},"41":{"start":{"line":121,"column":6},"end":{"line":121,"column":null}}},"fnMap":{"0":{"name":"randomString","decl":{"start":{"line":10,"column":16},"end":{"line":10,"column":28}},"loc":{"start":{"line":10,"column":42},"end":{"line":17,"column":null}},"line":10},"1":{"name":"sanitize","decl":{"start":{"line":24,"column":16},"end":{"line":24,"column":24}},"loc":{"start":{"line":24,"column":30},"end":{"line":27,"column":null}},"line":24},"2":{"name":"pick","decl":{"start":{"line":35,"column":16},"end":{"line":35,"column":20}},"loc":{"start":{"line":35,"column":32},"end":{"line":41,"column":null}},"line":35},"3":{"name":"omit","decl":{"start":{"line":49,"column":16},"end":{"line":49,"column":20}},"loc":{"start":{"line":49,"column":32},"end":{"line":55,"column":null}},"line":49},"4":{"name":"deepClone","decl":{"start":{"line":62,"column":16},"end":{"line":62,"column":25}},"loc":{"start":{"line":62,"column":31},"end":{"line":64,"column":null}},"line":62},"5":{"name":"isValidEmail","decl":{"start":{"line":71,"column":16},"end":{"line":71,"column":28}},"loc":{"start":{"line":71,"column":36},"end":{"line":73,"column":null}},"line":71},"6":{"name":"paginate","decl":{"start":{"line":82,"column":16},"end":{"line":82,"column":24}},"loc":{"start":{"line":82,"column":54},"end":{"line":88,"column":null}},"line":82},"7":{"name":"createRateLimiter","decl":{"start":{"line":97,"column":16},"end":{"line":97,"column":33}},"loc":{"start":{"line":97,"column":71},"end":{"line":124,"column":null}},"line":97},"8":{"name":"(anonymous_8)","decl":{"start":{"line":101,"column":30},"end":{"line":101,"column":31}},"loc":{"start":{"line":101,"column":36},"end":{"line":106,"column":3}},"line":101},"9":{"name":"check","decl":{"start":{"line":110,"column":4},"end":{"line":110,"column":9}},"loc":{"start":{"line":110,"column":15},"end":{"line":119,"column":5}},"line":110},"10":{"name":"reset","decl":{"start":{"line":120,"column":4},"end":{"line":120,"column":9}},"loc":{"start":{"line":120,"column":15},"end":{"line":122,"column":5}},"line":120}},"branchMap":{"0":{"loc":{"start":{"line":10,"column":29},"end":{"line":10,"column":40}},"type":"default-arg","locations":[{"start":{"line":10,"column":38},"end":{"line":10,"column":40}}],"line":10},"1":{"loc":{"start":{"line":25,"column":2},"end":{"line":25,"column":null}},"type":"if","locations":[{"start":{"line":25,"column":2},"end":{"line":25,"column":null}},{"start":{},"end":{}}],"line":25},"2":{"loc":{"start":{"line":38,"column":4},"end":{"line":38,"column":null}},"type":"if","locations":[{"start":{"line":38,"column":4},"end":{"line":38,"column":null}},{"start":{},"end":{}}],"line":38},"3":{"loc":{"start":{"line":82,"column":30},"end":{"line":82,"column":38}},"type":"default-arg","locations":[{"start":{"line":82,"column":37},"end":{"line":82,"column":38}}],"line":82},"4":{"loc":{"start":{"line":82,"column":40},"end":{"line":82,"column":52}},"type":"default-arg","locations":[{"start":{"line":82,"column":50},"end":{"line":82,"column":52}}],"line":82},"5":{"loc":{"start":{"line":97,"column":34},"end":{"line":97,"column":51}},"type":"default-arg","locations":[{"start":{"line":97,"column":48},"end":{"line":97,"column":51}}],"line":97},"6":{"loc":{"start":{"line":97,"column":53},"end":{"line":97,"column":69}},"type":"default-arg","locations":[{"start":{"line":97,"column":64},"end":{"line":97,"column":69}}],"line":97},"7":{"loc":{"start":{"line":104,"column":6},"end":{"line":104,"column":null}},"type":"if","locations":[{"start":{"line":104,"column":6},"end":{"line":104,"column":null}},{"start":{},"end":{}}],"line":104},"8":{"loc":{"start":{"line":107,"column":2},"end":{"line":107,"column":null}},"type":"if","locations":[{"start":{"line":107,"column":2},"end":{"line":107,"column":null}},{"start":{},"end":{}}],"line":107},"9":{"loc":{"start":{"line":113,"column":6},"end":{"line":116,"column":null}},"type":"if","locations":[{"start":{"line":113,"column":6},"end":{"line":116,"column":null}},{"start":{},"end":{}}],"line":113},"10":{"loc":{"start":{"line":113,"column":10},"end":{"line":113,"column":48}},"type":"binary-expr","locations":[{"start":{"line":113,"column":10},"end":{"line":113,"column":16}},{"start":{"line":113,"column":20},"end":{"line":113,"column":48}}],"line":113}},"s":{"0":7,"1":7,"2":7,"3":7,"4":207,"5":7,"6":10,"7":3,"8":7,"9":3,"10":3,"11":4,"12":3,"13":3,"14":3,"15":3,"16":3,"17":3,"18":2,"19":9,"20":4,"21":4,"22":4,"23":4,"24":4,"25":12,"26":12,"27":1,"28":1,"29":1,"30":0,"31":12,"32":12,"33":12,"34":52,"35":52,"36":52,"37":12,"38":12,"39":40,"40":40,"41":1},"f":{"0":7,"1":10,"2":3,"3":3,"4":2,"5":9,"6":4,"7":12,"8":1,"9":52,"10":1},"b":{"0":[7],"1":[3,7],"2":[3,1],"3":[4],"4":[4],"5":[12],"6":[12],"7":[0,1],"8":[12,0],"9":[12,40],"10":[52,41]},"meta":{"lastBranch":11,"lastFunction":11,"lastStatement":42,"seen":{"f:10:16:10:28":0,"b:10:38:10:40":0,"s:11:16:11:80":0,"s:12:15:12:17":1,"s:13:2:15:Infinity":2,"s:13:15:13:16":3,"s:14:4:14:Infinity":4,"s:16:2:16:Infinity":5,"f:24:16:24:24":1,"b:25:2:25:Infinity:undefined:undefined:undefined:undefined":1,"s:25:2:25:Infinity":6,"s:25:31:25:Infinity":7,"s:26:2:26:Infinity":8,"f:35:16:35:20":2,"s:36:17:36:19":9,"s:37:2:39:Infinity":10,"b:38:4:38:Infinity:undefined:undefined:undefined:undefined":2,"s:38:4:38:Infinity":11,"s:38:32:38:Infinity":12,"s:40:2:40:Infinity":13,"f:49:16:49:20":3,"s:50:17:50:27":14,"s:51:2:53:Infinity":15,"s:52:4:52:Infinity":16,"s:54:2:54:Infinity":17,"f:62:16:62:25":4,"s:63:2:63:Infinity":18,"f:71:16:71:28":5,"s:72:2:72:Infinity":19,"f:82:16:82:24":6,"b:82:37:82:38":3,"b:82:50:82:52":4,"s:83:16:83:26":20,"s:84:21:84:47":21,"s:85:16:85:36":22,"s:86:16:86:49":23,"s:87:2:87:Infinity":24,"f:97:16:97:33":7,"b:97:48:97:51":5,"b:97:64:97:69":6,"s:98:15:98:24":25,"s:101:18:106:14":26,"f:101:30:101:31":8,"s:102:16:102:26":27,"s:103:4:105:Infinity":28,"b:104:6:104:Infinity:undefined:undefined:undefined:undefined":7,"s:104:6:104:Infinity":29,"s:104:40:104:Infinity":30,"b:107:2:107:Infinity:undefined:undefined:undefined:undefined":8,"s:107:2:107:Infinity":31,"s:107:21:107:Infinity":32,"s:109:2:123:Infinity":33,"f:110:4:110:9":9,"s:111:18:111:28":34,"s:112:20:112:33":35,"b:113:6:116:Infinity:undefined:undefined:undefined:undefined":9,"s:113:6:116:Infinity":36,"b:113:10:113:16:113:20:113:48":10,"s:114:8:114:Infinity":37,"s:115:8:115:Infinity":38,"s:117:6:117:Infinity":39,"s:118:6:118:Infinity":40,"f:120:4:120:9":10,"s:121:6:121:Infinity":41},"fnNames":{}}}
}
